## Header ================================================================================
# Station Name
21701S007A03

# Time Series (Start;End)
2011-03-11 12:00:00; 2015-02-14 12:00:00

# Number of Measurements
1316

# LS Estimation Method (1 := E,N,U separately; 2 := E,N combined, U sep.; 3 := E,N,U comb.)
1

# Target Function for Optimization
rms

# new ITRF jump
false; false; false

# Transient Settings
doTsOverlay: false
doRemoveTs: false

# Weighting t/f (per Coordinate)
false; false; false

# Weighting Settings (global)
weight decay:       1.0
weight(default):    1.0
weight(eq):         0.0
t_weight(eq)):      0.0
t_weight(default)): 2.0

## INPUT MODEL: Station 21701S007A03, Coordinate "E [mm]" ================================
# Degree of Polynomial
1

# Oscillations [days; years]
182.6; 0.50
365.3; 1.00

# Heaviside Jumps (Rel. to t0 [years];  Datetime])
2011-03-11 00:00; -0.0014

# Transients (rel. to t0 [years]; Datetime; Type of Transient)
2011-03-11 00:00; -0.0014; log  
2011-03-11 00:00; -0.0014; log  

# Transient Range (Lower Limit [days;years] ; Upper Limit [days;years])
1.0; 0.0027; 50.0; 0.13689
100.0; 0.2738; 4999.9; 13.68925

# IRLSE/LSE Parameters
KK: 0
L_p Norm: 1.0
outl_factor: 5

## RESULTS: Station 21701S007A03, Coordinate "E [mm]" -----------------------------------
# Polynomial Coefficients
-4.651
-3.339

# Oscillation Amplitude Components (S; C; A; phase shift)
0.037; 0.254; 0.256; 0.146
-0.440; 3.151; 3.182; -0.139

# Heaviside Jump Coefficients
-4.651

# Transient Relaxation Times Tau (days)
2.208
200.484

# Transient Amplitudes
62.745
31.993

# Outliers (number of measurements removed)
0

# Error metrics
rms     : 3.354
wrms    : 3.354
rms35d  : 2.738
rms105d : 3.119
rms1y   : 3.264
rms2y   : 3.188

## INPUT MODEL: Station 21701S007A03, Coordinate "N [mm]" ================================
# Degree of Polynomial
1

# Oscillations [days; years]
182.6; 0.50
365.3; 1.00

# Heaviside Jumps (Rel. to t0 [years];  Datetime])
2011-03-11 00:00; -0.0014

# Transients (rel. to t0 [years]; Datetime; Type of Transient)
2011-03-11 00:00; -0.0014; log  
2011-03-11 00:00; -0.0014; log  

# Transient Range (Lower Limit [days;years] ; Upper Limit [days;years])
1.0; 0.0027; 50.0; 0.13689
100.0; 0.2738; 4999.9; 13.68925

# IRLSE/LSE Parameters
KK: 0
L_p Norm: 1.0
outl_factor: 5

## RESULTS: Station 21701S007A03, Coordinate "N [mm]" -----------------------------------
# Polynomial Coefficients
2.828
-17.621

# Oscillation Amplitude Components (S; C; A; phase shift)
-0.863; 1.615; 1.831; -0.491
0.580; 0.666; 0.883; 0.716

# Heaviside Jump Coefficients
2.828

# Transient Relaxation Times Tau (days)
1.000
99.998

# Transient Amplitudes
-25.918
-9.314

# Outliers (number of measurements removed)
7

# Error metrics
rms     : 2.588
wrms    : 2.588
rms35d  : 2.630
rms105d : 2.986
rms1y   : 2.427
rms2y   : 2.499

## INPUT MODEL: Station 21701S007A03, Coordinate "U [mm]" ================================
# Degree of Polynomial
1

# Oscillations [days; years]
182.6; 0.50
365.3; 1.00

# Heaviside Jumps (Rel. to t0 [years];  Datetime])
2011-03-11 00:00; -0.0014

# Transients (rel. to t0 [years]; Datetime; Type of Transient)
2011-03-11 00:00; -0.0014; log  
2011-03-11 00:00; -0.0014; log  

# Transient Range (Lower Limit [days;years] ; Upper Limit [days;years])
1.0; 0.0027; 50.0; 0.13689
100.0; 0.2738; 4999.9; 13.68925

# IRLSE/LSE Parameters
KK: 0
L_p Norm: 1.0
outl_factor: 5

## RESULTS: Station 21701S007A03, Coordinate "U [mm]" -----------------------------------
# Polynomial Coefficients
1.359
-26.219

# Oscillation Amplitude Components (S; C; A; phase shift)
-1.786; -0.595; 1.882; 1.249
0.135; -3.293; 3.295; -0.041

# Heaviside Jump Coefficients
1.359

# Transient Relaxation Times Tau (days)
1.000
1860.490

# Transient Amplitudes
15.359
228.374

# Outliers (number of measurements removed)
7

# Error metrics
rms     : 7.936
wrms    : 7.936
rms35d  : 5.471
rms105d : 6.606
rms1y   : 6.225
rms2y   : 6.605

