## Header ================================================================================
# Station Name
21702M002A07

# Time Series (Start;End)
2011-03-16 12:00:00; 2015-02-14 12:00:00

# Number of Measurements
1413

# LS Estimation Method (1 := E,N,U separately; 2 := E,N combined, U sep.; 3 := E,N,U comb.)
1

# Target Function for Optimization
rms

# new ITRF jump
false; false; false

# Transient Settings
doTsOverlay: false
doRemoveTs: false

# Weighting t/f (per Coordinate)
false; false; false

# Weighting Settings (global)
weight decay:       1.0
weight(default):    1.0
weight(eq):         0.0
t_weight(eq)):      0.0
t_weight(default)): 2.0

## INPUT MODEL: Station 21702M002A07, Coordinate "E [mm]" ================================
# Degree of Polynomial
1

# Oscillations [days; years]
182.6; 0.50
365.3; 1.00

# Heaviside Jumps (Rel. to t0 [years];  Datetime])
2011-03-16 00:00; -0.0014

# Transients (rel. to t0 [years]; Datetime; Type of Transient)
2011-03-16 00:00; -0.0014; log  
2011-03-16 00:00; -0.0014; log  

# Transient Range (Lower Limit [days;years] ; Upper Limit [days;years])
1.0; 0.0027; 50.0; 0.13689
100.0; 0.2738; 4999.9; 13.68925

# IRLSE/LSE Parameters
KK: 0
L_p Norm: 1.0
outl_factor: 5

## RESULTS: Station 21702M002A07, Coordinate "E [mm]" -----------------------------------
# Polynomial Coefficients
-3.504
11.840

# Oscillation Amplitude Components (S; C; A; phase shift)
0.367; 0.234; 0.435; 1.003
1.006; -1.800; 2.062; -0.510

# Heaviside Jump Coefficients
-3.504

# Transient Relaxation Times Tau (days)
8.713
383.628

# Transient Amplitudes
105.558
316.619

# Outliers (number of measurements removed)
21

# Error metrics
rms     : 2.063
wrms    : 2.063
rms35d  : 2.080
rms105d : 1.823
rms1y   : 2.166
rms2y   : 2.093

## INPUT MODEL: Station 21702M002A07, Coordinate "N [mm]" ================================
# Degree of Polynomial
1

# Oscillations [days; years]
182.6; 0.50
365.3; 1.00

# Heaviside Jumps (Rel. to t0 [years];  Datetime])
2011-03-16 00:00; -0.0014

# Transients (rel. to t0 [years]; Datetime; Type of Transient)
2011-03-16 00:00; -0.0014; log  
2011-03-16 00:00; -0.0014; log  

# Transient Range (Lower Limit [days;years] ; Upper Limit [days;years])
1.0; 0.0027; 50.0; 0.13689
100.0; 0.2738; 4999.9; 13.68925

# IRLSE/LSE Parameters
KK: 0
L_p Norm: 1.0
outl_factor: 5

## RESULTS: Station 21702M002A07, Coordinate "N [mm]" -----------------------------------
# Polynomial Coefficients
1.135
-32.155

# Oscillation Amplitude Components (S; C; A; phase shift)
0.252; 0.702; 0.746; 0.345
1.134; -1.435; 1.829; -0.669

# Heaviside Jump Coefficients
1.135

# Transient Relaxation Times Tau (days)
7.137
230.141

# Transient Amplitudes
-35.507
-80.574

# Outliers (number of measurements removed)
18

# Error metrics
rms     : 2.655
wrms    : 2.655
rms35d  : 2.345
rms105d : 2.923
rms1y   : 2.589
rms2y   : 2.644

## INPUT MODEL: Station 21702M002A07, Coordinate "U [mm]" ================================
# Degree of Polynomial
1

# Oscillations [days; years]
182.6; 0.50
365.3; 1.00

# Heaviside Jumps (Rel. to t0 [years];  Datetime])
2011-03-16 00:00; -0.0014

# Transients (rel. to t0 [years]; Datetime; Type of Transient)
2011-03-16 00:00; -0.0014; log  
2011-03-16 00:00; -0.0014; log  

# Transient Range (Lower Limit [days;years] ; Upper Limit [days;years])
1.0; 0.0027; 50.0; 0.13689
100.0; 0.2738; 4999.9; 13.68925

# IRLSE/LSE Parameters
KK: 0
L_p Norm: 1.0
outl_factor: 5

## RESULTS: Station 21702M002A07, Coordinate "U [mm]" -----------------------------------
# Polynomial Coefficients
-6.096
-39.777

# Oscillation Amplitude Components (S; C; A; phase shift)
-1.572; 0.018; 1.572; -1.559
-1.332; -0.732; 1.520; 1.068

# Heaviside Jump Coefficients
-6.096

# Transient Relaxation Times Tau (days)
1.000
4999.897

# Transient Amplitudes
-2.437
1057.613

# Outliers (number of measurements removed)
13

# Error metrics
rms     : 5.674
wrms    : 5.674
rms35d  : 4.923
rms105d : 5.587
rms1y   : 5.636
rms2y   : 5.466

