## Header ================================================================================
# Station Name
21701S007A03

# Time Series (Start;End)
2011-03-11 12:00:00; 2015-02-14 12:00:00

# Number of Measurements
1316

# LS Estimation Method (1 := E,N,U separately; 2 := E,N combined, U sep.; 3 := E,N,U comb.)
1

# Target Function for Optimization
rms

# new ITRF jump
false; false; false

# Transient Settings
doTsOverlay: false
doRemoveTs: false

# Weighting t/f (per Coordinate)
false; false; false

# Weighting Settings (global)
weight decay:       1.0
weight(default):    1.0
weight(eq):         0.0
t_weight(eq)):      0.0
t_weight(default)): 2.0

## INPUT MODEL: Station 21701S007A03, Coordinate "E [mm]" ================================
# Degree of Polynomial
1

# Oscillations [days; years]
182.6; 0.50
365.3; 1.00

# Heaviside Jumps (Rel. to t0 [years];  Datetime])
2011-03-11 00:00; -0.0014

# Transients (rel. to t0 [years]; Datetime; Type of Transient)
2011-03-11 00:00; -0.0014; log  
2011-03-11 00:00; -0.0014; log  

# Transient Range (Lower Limit [days;years] ; Upper Limit [days;years])
1.0; 0.0027; 41.0; 0.11225
100.0; 0.2738; 350.0; 0.95827

# IRLSE/LSE Parameters
KK: 0
L_p Norm: 1.0
outl_factor: 5

## RESULTS: Station 21701S007A03, Coordinate "E [mm]" -----------------------------------
# Polynomial Coefficients
-15.242
-2.784

# Oscillation Amplitude Components (S; C; A; phase shift)
-0.027; 0.199; 0.201; -0.134
-0.541; 3.158; 3.204; -0.170

# Heaviside Jump Coefficients
-15.242

# Transient Relaxation Times Tau (days)
1.000
100.000

# Transient Amplitudes
53.839
37.045

# Outliers (number of measurements removed)
0

# Error metrics
rms     : 3.382
wrms    : 3.382
rms35d  : 3.627
rms105d : 3.544
rms1y   : 3.369
rms2y   : 3.256

## INPUT MODEL: Station 21701S007A03, Coordinate "N [mm]" ================================
# Degree of Polynomial
1

# Oscillations [days; years]
182.6; 0.50
365.3; 1.00

# Heaviside Jumps (Rel. to t0 [years];  Datetime])
2011-03-11 00:00; -0.0014

# Transients (rel. to t0 [years]; Datetime; Type of Transient)
2011-03-11 00:00; -0.0014; log  
2011-03-11 00:00; -0.0014; log  

# Transient Range (Lower Limit [days;years] ; Upper Limit [days;years])
1.0; 0.0027; 41.0; 0.11225
100.0; 0.2738; 350.0; 0.95827

# IRLSE/LSE Parameters
KK: 0
L_p Norm: 1.0
outl_factor: 5

## RESULTS: Station 21701S007A03, Coordinate "N [mm]" -----------------------------------
# Polynomial Coefficients
2.828
-17.621

# Oscillation Amplitude Components (S; C; A; phase shift)
-0.863; 1.615; 1.831; -0.491
0.580; 0.666; 0.883; 0.716

# Heaviside Jump Coefficients
2.828

# Transient Relaxation Times Tau (days)
1.000
100.000

# Transient Amplitudes
-25.918
-9.314

# Outliers (number of measurements removed)
7

# Error metrics
rms     : 2.588
wrms    : 2.588
rms35d  : 2.630
rms105d : 2.986
rms1y   : 2.427
rms2y   : 2.499

## INPUT MODEL: Station 21701S007A03, Coordinate "U [mm]" ================================
# Degree of Polynomial
1

# Oscillations [days; years]
182.6; 0.50
365.3; 1.00

# Heaviside Jumps (Rel. to t0 [years];  Datetime])
2011-03-11 00:00; -0.0014

# Transients (rel. to t0 [years]; Datetime; Type of Transient)
2011-03-11 00:00; -0.0014; log  
2011-03-11 00:00; -0.0014; log  

# Transient Range (Lower Limit [days;years] ; Upper Limit [days;years])
1.0; 0.0027; 41.0; 0.11225
100.0; 0.2738; 350.0; 0.95827

# IRLSE/LSE Parameters
KK: 0
L_p Norm: 1.0
outl_factor: 5

## RESULTS: Station 21701S007A03, Coordinate "U [mm]" -----------------------------------
# Polynomial Coefficients
2.879
-6.486

# Oscillation Amplitude Components (S; C; A; phase shift)
-1.817; -0.550; 1.898; 1.277
0.110; -3.159; 3.160; -0.035

# Heaviside Jump Coefficients
2.879

# Transient Relaxation Times Tau (days)
1.000
350.000

# Transient Amplitudes
13.996
37.244

# Outliers (number of measurements removed)
7

# Error metrics
rms     : 7.945
wrms    : 7.945
rms35d  : 5.715
rms105d : 6.771
rms1y   : 6.310
rms2y   : 6.652

