## Header ================================================================================
# Station Name
21702M002A07

# Time Series (Start;End)
2011-03-16 12:00:00; 2015-02-14 12:00:00

# Number of Measurements
1413

# LS Estimation Method (1 := E,N,U separately; 2 := E,N combined, U sep.; 3 := E,N,U comb.)
1

# Target Function for Optimization
rms

# new ITRF jump
false; false; false

# Transient Settings
doTsOverlay: false
doRemoveTs: false

# Weighting t/f (per Coordinate)
false; false; false

# Weighting Settings (global)
weight decay:       1.0
weight(default):    1.0
weight(eq):         0.0
t_weight(eq)):      0.0
t_weight(default)): 2.0

## INPUT MODEL: Station 21702M002A07, Coordinate "E [mm]" ================================
# Degree of Polynomial
none estimated

# Oscillations [days; years]
none estimated

# Heaviside Jumps (Rel. to t0 [years];  Datetime])
2011-03-16 00:00; -0.0014

# Transients (rel. to t0 [years]; Datetime; Type of Transient)
2011-03-16 00:00; -0.0014; log  
2011-03-16 00:00; -0.0014; exp  

# Transient Range (Lower Limit [days;years] ; Upper Limit [days;years])
0.0; 0.0000; 50.0; 0.13689
51.0; 0.1396; 4999.9; 13.68925

# IRLSE/LSE Parameters
KK: 0
L_p Norm: 2.0
outl_factor: 5

## RESULTS: Station 21702M002A07, Coordinate "E [mm]" -----------------------------------
# Polynomial Coefficients
none estimated

# Oscillation Amplitude Components (S; C; A; phase shift)
none estimated

# Heaviside Jump Coefficients
2.513

# Transient Relaxation Times Tau (days)
49.998
184.612

# Transient Amplitudes
-382.165
346.188

# Outliers (number of measurements removed)
9

# Error metrics
rms     : 5.030
wrms    : 5.030
rms35d  : 7.267
rms105d : 6.171
rms1y   : 5.643
rms2y   : 5.043

## INPUT MODEL: Station 21702M002A07, Coordinate "N [mm]" ================================
# Degree of Polynomial
none estimated

# Oscillations [days; years]
none estimated

# Heaviside Jumps (Rel. to t0 [years];  Datetime])
2011-03-16 00:00; -0.0014

# Transients (rel. to t0 [years]; Datetime; Type of Transient)
2011-03-16 00:00; -0.0014; log  
2011-03-16 00:00; -0.0014; exp  

# Transient Range (Lower Limit [days;years] ; Upper Limit [days;years])
0.0; 0.0000; 50.0; 0.13689
51.0; 0.1396; 4999.9; 13.68925

# IRLSE/LSE Parameters
KK: 0
L_p Norm: 2.0
outl_factor: 5

## RESULTS: Station 21702M002A07, Coordinate "N [mm]" -----------------------------------
# Polynomial Coefficients
none estimated

# Oscillation Amplitude Components (S; C; A; phase shift)
none estimated

# Heaviside Jump Coefficients
-24.402

# Transient Relaxation Times Tau (days)
35.736
127.807

# Transient Amplitudes
-182.843
96.955

# Outliers (number of measurements removed)
8

# Error metrics
rms     : 3.753
wrms    : 3.753
rms35d  : 4.884
rms105d : 4.025
rms1y   : 4.120
rms2y   : 3.932

## INPUT MODEL: Station 21702M002A07, Coordinate "U [mm]" ================================
# Degree of Polynomial
none estimated

# Oscillations [days; years]
none estimated

# Heaviside Jumps (Rel. to t0 [years];  Datetime])
2011-03-16 00:00; -0.0014

# Transients (rel. to t0 [years]; Datetime; Type of Transient)
2011-03-16 00:00; -0.0014; log  
2011-03-16 00:00; -0.0014; exp  

# Transient Range (Lower Limit [days;years] ; Upper Limit [days;years])
0.0; 0.0000; 50.0; 0.13689
51.0; 0.1396; 4999.9; 13.68925

# IRLSE/LSE Parameters
KK: 0
L_p Norm: 2.0
outl_factor: 5

## RESULTS: Station 21702M002A07, Coordinate "U [mm]" -----------------------------------
# Polynomial Coefficients
none estimated

# Oscillation Amplitude Components (S; C; A; phase shift)
none estimated

# Heaviside Jump Coefficients
-20.543

# Transient Relaxation Times Tau (days)
46.673
206.545

# Transient Amplitudes
-111.985
95.614

# Outliers (number of measurements removed)
9

# Error metrics
rms     : 4.709
wrms    : 4.709
rms35d  : 4.328
rms105d : 4.965
rms1y   : 4.921
rms2y   : 4.671

