## Header ================================================================================
# Station Name
21701S007A03

# Time Series (Start;End)
2011-03-11 12:00:00; 2015-02-14 12:00:00

# Number of Measurements
1316

# LS Estimation Method (1 := E,N,U separately; 2 := E,N combined, U sep.; 3 := E,N,U comb.)
1

# Target Function for Optimization
rms

# new ITRF jump
false; false; false

# Transient Settings
doTsOverlay: false
doRemoveTs: false

# Weighting t/f (per Coordinate)
false; false; false

# Weighting Settings (global)
weight decay:       1.0
weight(default):    1.0
weight(eq):         0.0
t_weight(eq)):      0.0
t_weight(default)): 2.0

## INPUT MODEL: Station 21701S007A03, Coordinate "E [mm]" ================================
# Degree of Polynomial
1

# Oscillations [days; years]
182.6; 0.50
365.3; 1.00

# Heaviside Jumps (Rel. to t0 [years];  Datetime])
2011-03-11 00:00; -0.0014

# Transients (rel. to t0 [years]; Datetime; Type of Transient)
2011-03-11 00:00; -0.0014; log  
2011-03-11 00:00; -0.0014; log  

# Transient Range (Lower Limit [days;years] ; Upper Limit [days;years])
1.0; 0.0027; 50.0; 0.13689
100.0; 0.2738; 4999.9; 13.68925

# IRLSE/LSE Parameters
KK: 0
L_p Norm: 1.0
outl_factor: 5

## RESULTS: Station 21701S007A03, Coordinate "E [mm]" -----------------------------------
# Polynomial Coefficients
2.411
-22.980

# Oscillation Amplitude Components (S; C; A; phase shift)
0.074; 0.279; 0.288; 0.259
-0.345; 3.095; 3.114; -0.111

# Heaviside Jump Coefficients
2.411

# Transient Relaxation Times Tau (days)
3.607
2396.178

# Transient Amplitudes
70.018
249.106

# Outliers (number of measurements removed)
1

# Error metrics
rms     : 3.355
wrms    : 3.355
rms35d  : 2.783
rms105d : 3.054
rms1y   : 3.279
rms2y   : 3.177

## INPUT MODEL: Station 21701S007A03, Coordinate "N [mm]" ================================
# Degree of Polynomial
1

# Oscillations [days; years]
182.6; 0.50
365.3; 1.00

# Heaviside Jumps (Rel. to t0 [years];  Datetime])
2011-03-11 00:00; -0.0014

# Transients (rel. to t0 [years]; Datetime; Type of Transient)
2011-03-11 00:00; -0.0014; log  
2011-03-11 00:00; -0.0014; log  

# Transient Range (Lower Limit [days;years] ; Upper Limit [days;years])
1.0; 0.0027; 50.0; 0.13689
100.0; 0.2738; 4999.9; 13.68925

# IRLSE/LSE Parameters
KK: 0
L_p Norm: 1.0
outl_factor: 5

## RESULTS: Station 21701S007A03, Coordinate "N [mm]" -----------------------------------
# Polynomial Coefficients
2.828
-17.621

# Oscillation Amplitude Components (S; C; A; phase shift)
-0.863; 1.615; 1.831; -0.491
0.580; 0.666; 0.883; 0.716

# Heaviside Jump Coefficients
2.828

# Transient Relaxation Times Tau (days)
1.000
100.005

# Transient Amplitudes
-25.918
-9.314

# Outliers (number of measurements removed)
7

# Error metrics
rms     : 2.588
wrms    : 2.588
rms35d  : 2.630
rms105d : 2.986
rms1y   : 2.427
rms2y   : 2.499

## INPUT MODEL: Station 21701S007A03, Coordinate "U [mm]" ================================
# Degree of Polynomial
1

# Oscillations [days; years]
182.6; 0.50
365.3; 1.00

# Heaviside Jumps (Rel. to t0 [years];  Datetime])
2011-03-11 00:00; -0.0014

# Transients (rel. to t0 [years]; Datetime; Type of Transient)
2011-03-11 00:00; -0.0014; log  
2011-03-11 00:00; -0.0014; log  

# Transient Range (Lower Limit [days;years] ; Upper Limit [days;years])
1.0; 0.0027; 50.0; 0.13689
100.0; 0.2738; 4999.9; 13.68925

# IRLSE/LSE Parameters
KK: 0
L_p Norm: 1.0
outl_factor: 5

## RESULTS: Station 21701S007A03, Coordinate "U [mm]" -----------------------------------
# Polynomial Coefficients
1.644
-19.123

# Oscillation Amplitude Components (S; C; A; phase shift)
-1.793; -0.590; 1.888; 1.253
0.124; -3.272; 3.274; -0.038

# Heaviside Jump Coefficients
1.644

# Transient Relaxation Times Tau (days)
1.000
1285.249

# Transient Amplitudes
15.138
138.519

# Outliers (number of measurements removed)
7

# Error metrics
rms     : 7.936
wrms    : 7.936
rms35d  : 5.509
rms105d : 6.632
rms1y   : 6.236
rms2y   : 6.607

