## Header ================================================================================
# Station Name
21729S007A04

# Time Series (Start;End)
2011-03-11 12:00:00; 2015-02-14 12:00:00

# Number of Measurements
1387

# LS Estimation Method (1 := E,N,U separately; 2 := E,N combined, U sep.; 3 := E,N,U comb.)
1

# Target Function for Optimization
rms

# new ITRF jump
false; false; false

# Transient Settings
doTsOverlay: false
doRemoveTs: false

# Weighting t/f (per Coordinate)
false; false; false

# Weighting Settings (global)
weight decay:       1.0
weight(default):    1.0
weight(eq):         0.0
t_weight(eq)):      0.0
t_weight(default)): 2.0

## INPUT MODEL: Station 21729S007A04, Coordinate "E [mm]" ================================
# Degree of Polynomial
1

# Oscillations [days; years]
182.6; 0.50
365.3; 1.00

# Heaviside Jumps (Rel. to t0 [years];  Datetime])
2011-03-11 00:00; -0.0014

# Transients (rel. to t0 [years]; Datetime; Type of Transient)
2011-03-11 00:00; -0.0014; log  
2011-03-11 00:00; -0.0014; log  

# Transient Range (Lower Limit [days;years] ; Upper Limit [days;years])
1.0; 0.0027; 50.0; 0.13689
100.0; 0.2738; 4999.9; 13.68925

# IRLSE/LSE Parameters
KK: 0
L_p Norm: 1.0
outl_factor: 5

## RESULTS: Station 21729S007A04, Coordinate "E [mm]" -----------------------------------
# Polynomial Coefficients
-1.674
3.394

# Oscillation Amplitude Components (S; C; A; phase shift)
0.345; 0.042; 0.347; 1.451
-1.074; 1.693; 2.005; -0.565

# Heaviside Jump Coefficients
-1.674

# Transient Relaxation Times Tau (days)
1.586
310.143

# Transient Amplitudes
16.541
77.450

# Outliers (number of measurements removed)
40

# Error metrics
rms     : 2.053
wrms    : 2.053
rms35d  : 1.763
rms105d : 1.937
rms1y   : 1.930
rms2y   : 1.913

## INPUT MODEL: Station 21729S007A04, Coordinate "N [mm]" ================================
# Degree of Polynomial
1

# Oscillations [days; years]
182.6; 0.50
365.3; 1.00

# Heaviside Jumps (Rel. to t0 [years];  Datetime])
2011-03-11 00:00; -0.0014

# Transients (rel. to t0 [years]; Datetime; Type of Transient)
2011-03-11 00:00; -0.0014; log  
2011-03-11 00:00; -0.0014; log  

# Transient Range (Lower Limit [days;years] ; Upper Limit [days;years])
1.0; 0.0027; 50.0; 0.13689
100.0; 0.2738; 4999.9; 13.68925

# IRLSE/LSE Parameters
KK: 0
L_p Norm: 1.0
outl_factor: 5

## RESULTS: Station 21729S007A04, Coordinate "N [mm]" -----------------------------------
# Polynomial Coefficients
2.168
-24.001

# Oscillation Amplitude Components (S; C; A; phase shift)
0.055; 1.564; 1.565; 0.035
-0.594; 0.207; 0.630; -1.235

# Heaviside Jump Coefficients
2.168

# Transient Relaxation Times Tau (days)
3.319
1488.983

# Transient Amplitudes
2.798
126.640

# Outliers (number of measurements removed)
38

# Error metrics
rms     : 2.909
wrms    : 2.909
rms35d  : 2.154
rms105d : 2.669
rms1y   : 2.980
rms2y   : 2.784

## INPUT MODEL: Station 21729S007A04, Coordinate "U [mm]" ================================
# Degree of Polynomial
1

# Oscillations [days; years]
182.6; 0.50
365.3; 1.00

# Heaviside Jumps (Rel. to t0 [years];  Datetime])
2011-03-11 00:00; -0.0014

# Transients (rel. to t0 [years]; Datetime; Type of Transient)
2011-03-11 00:00; -0.0014; log  
2011-03-11 00:00; -0.0014; log  

# Transient Range (Lower Limit [days;years] ; Upper Limit [days;years])
1.0; 0.0027; 50.0; 0.13689
100.0; 0.2738; 4999.9; 13.68925

# IRLSE/LSE Parameters
KK: 0
L_p Norm: 1.0
outl_factor: 5

## RESULTS: Station 21729S007A04, Coordinate "U [mm]" -----------------------------------
# Polynomial Coefficients
5.887
13.204

# Oscillation Amplitude Components (S; C; A; phase shift)
-0.008; -4.135; 4.135; 0.002
1.568; -0.114; 1.572; -1.498

# Heaviside Jump Coefficients
5.887

# Transient Relaxation Times Tau (days)
9.564
144.245

# Transient Amplitudes
9.963
-16.333

# Outliers (number of measurements removed)
34

# Error metrics
rms     : 9.764
wrms    : 9.764
rms35d  : 5.930
rms105d : 6.754
rms1y   : 8.698
rms2y   : 8.650

