## Header ================================================================================
# Station Name
21729S007A04

# Time Series (Start;End)
2011-03-11 12:00:00; 2015-02-14 12:00:00

# Number of Measurements
1387

# LS Estimation Method (1 := E,N,U separately; 2 := E,N combined, U sep.; 3 := E,N,U comb.)
1

# Target Function for Optimization
rms

# new ITRF jump
false; false; false

# Transient Settings
doTsOverlay: false
doRemoveTs: false

# Weighting t/f (per Coordinate)
false; false; false

# Weighting Settings (global)
weight decay:       1.0
weight(default):    1.0
weight(eq):         0.0
t_weight(eq)):      0.0
t_weight(default)): 2.0

## INPUT MODEL: Station 21729S007A04, Coordinate "E [mm]" ================================
# Degree of Polynomial
1

# Oscillations [days; years]
182.6; 0.50
365.3; 1.00

# Heaviside Jumps (Rel. to t0 [years];  Datetime])
2011-03-11 00:00; -0.0014

# Transients (rel. to t0 [years]; Datetime; Type of Transient)
2011-03-11 00:00; -0.0014; log  
2011-03-11 00:00; -0.0014; log  

# Transient Range (Lower Limit [days;years] ; Upper Limit [days;years])
1.0; 0.0027; 50.0; 0.13689
100.0; 0.2738; 4999.9; 13.68925

# IRLSE/LSE Parameters
KK: 0
L_p Norm: 1.0
outl_factor: 5

## RESULTS: Station 21729S007A04, Coordinate "E [mm]" -----------------------------------
# Polynomial Coefficients
-1.537
2.069

# Oscillation Amplitude Components (S; C; A; phase shift)
0.351; 0.034; 0.353; 1.475
-1.068; 1.667; 1.980; -0.570

# Heaviside Jump Coefficients
-1.537

# Transient Relaxation Times Tau (days)
1.775
355.307

# Transient Amplitudes
17.244
83.953

# Outliers (number of measurements removed)
40

# Error metrics
rms     : 2.054
wrms    : 2.054
rms35d  : 1.791
rms105d : 1.935
rms1y   : 1.930
rms2y   : 1.911

## INPUT MODEL: Station 21729S007A04, Coordinate "N [mm]" ================================
# Degree of Polynomial
1

# Oscillations [days; years]
182.6; 0.50
365.3; 1.00

# Heaviside Jumps (Rel. to t0 [years];  Datetime])
2011-03-11 00:00; -0.0014

# Transients (rel. to t0 [years]; Datetime; Type of Transient)
2011-03-11 00:00; -0.0014; log  
2011-03-11 00:00; -0.0014; log  

# Transient Range (Lower Limit [days;years] ; Upper Limit [days;years])
1.0; 0.0027; 50.0; 0.13689
100.0; 0.2738; 4999.9; 13.68925

# IRLSE/LSE Parameters
KK: 0
L_p Norm: 1.0
outl_factor: 5

## RESULTS: Station 21729S007A04, Coordinate "N [mm]" -----------------------------------
# Polynomial Coefficients
0.785
-59.700

# Oscillation Amplitude Components (S; C; A; phase shift)
0.053; 1.547; 1.548; 0.034
-0.597; 0.155; 0.617; -1.317

# Heaviside Jump Coefficients
0.785

# Transient Relaxation Times Tau (days)
1.000
4999.897

# Transient Amplitudes
2.786
890.666

# Outliers (number of measurements removed)
36

# Error metrics
rms     : 2.930
wrms    : 2.930
rms35d  : 2.183
rms105d : 2.663
rms1y   : 2.977
rms2y   : 2.774

## INPUT MODEL: Station 21729S007A04, Coordinate "U [mm]" ================================
# Degree of Polynomial
1

# Oscillations [days; years]
182.6; 0.50
365.3; 1.00

# Heaviside Jumps (Rel. to t0 [years];  Datetime])
2011-03-11 00:00; -0.0014

# Transients (rel. to t0 [years]; Datetime; Type of Transient)
2011-03-11 00:00; -0.0014; log  
2011-03-11 00:00; -0.0014; log  

# Transient Range (Lower Limit [days;years] ; Upper Limit [days;years])
1.0; 0.0027; 50.0; 0.13689
100.0; 0.2738; 4999.9; 13.68925

# IRLSE/LSE Parameters
KK: 0
L_p Norm: 1.0
outl_factor: 5

## RESULTS: Station 21729S007A04, Coordinate "U [mm]" -----------------------------------
# Polynomial Coefficients
1.926
55.978

# Oscillation Amplitude Components (S; C; A; phase shift)
0.144; -4.189; 4.191; -0.034
1.721; -0.057; 1.722; -1.538

# Heaviside Jump Coefficients
1.926

# Transient Relaxation Times Tau (days)
1.000
4999.897

# Transient Amplitudes
5.842
-752.527

# Outliers (number of measurements removed)
32

# Error metrics
rms     : 9.857
wrms    : 9.857
rms35d  : 5.585
rms105d : 6.663
rms1y   : 8.684
rms2y   : 8.647

