## Header ================================================================================
# Station Name
21754S001A01

# Time Series (Start;End)
2003-04-14 12:00:00; 2013-12-30 12:00:00

# Number of Measurements
3875

# LS Estimation Method (1 := E,N,U separately; 2 := E,N combined, U sep.; 3 := E,N,U comb.)
1

# Target Function for Optimization
rms

# new ITRF jump
false; false; false

# Transient Settings
doTsOverlay: false
doRemoveTs: false

# Weighting t/f (per Coordinate)
false; false; false

# Weighting Settings (global)
weight decay:       1.0
weight(default):    1.0
weight(eq):         0.0
t_weight(eq)):      0.0
t_weight(default)): 2.0

## INPUT MODEL: Station 21754S001A01, Coordinate "E [mm]" ================================
# Degree of Polynomial
1

# Oscillations [days; years]
182.6; 0.50
365.3; 1.00

# Heaviside Jumps (Rel. to t0 [years];  Datetime])
2003-09-25 23:55; 0.4504
2011-03-10 22:34; 7.9055

# Transients (rel. to t0 [years]; Datetime; Type of Transient)
2003-09-25 23:55; 0.4504; log  
2003-09-25 23:55; 0.4504; log  
2011-03-10 22:34; 7.9055; log  
2011-03-10 22:34; 7.9055; log  

# Transient Range (Lower Limit [days;years] ; Upper Limit [days;years])
0.1; 0.0003; 50.0; 0.13689
51.0; 0.1396; 4999.9; 13.68925
0.1; 0.0003; 50.0; 0.13689
51.0; 0.1396; 4999.9; 13.68925

# IRLSE/LSE Parameters
KK: 0
L_p Norm: 2.0
outl_factor: 5

## RESULTS: Station 21754S001A01, Coordinate "E [mm]" -----------------------------------
# Polynomial Coefficients
-2.44
5.14

# Oscillation Amplitude Components (S; C; A; phase shift)
0.30; 0.24; 0.38; 0.90
0.91; 0.25; 0.94; 1.31

# Heaviside Jump Coefficients
13.88
131.36

# Transient Relaxation Times Tau (days)
0.10
4999.90
0.10
806.14

# Transient Amplitudes
1.86
105.97
3.98
90.13

# Outliers (number of measurements removed)
13

# Error metrics
rms     : 1.745
wrms    : 1.745
rms35d  : 1.940
rms105d : 1.791
rms1y   : 1.773
rms2y   : 1.679

## INPUT MODEL: Station 21754S001A01, Coordinate "N [mm]" ================================
# Degree of Polynomial
1

# Oscillations [days; years]
182.6; 0.50
365.3; 1.00

# Heaviside Jumps (Rel. to t0 [years];  Datetime])
2003-09-25 23:55; 0.4504
2011-03-10 22:34; 7.9055

# Transients (rel. to t0 [years]; Datetime; Type of Transient)
2003-09-25 23:55; 0.4504; log  
2003-09-25 23:55; 0.4504; log  
2011-03-10 22:34; 7.9055; log  
2011-03-10 22:34; 7.9055; log  

# Transient Range (Lower Limit [days;years] ; Upper Limit [days;years])
0.1; 0.0003; 50.0; 0.13689
51.0; 0.1396; 4999.9; 13.68925
0.1; 0.0003; 50.0; 0.13689
51.0; 0.1396; 4999.9; 13.68925

# IRLSE/LSE Parameters
KK: 0
L_p Norm: 2.0
outl_factor: 5

## RESULTS: Station 21754S001A01, Coordinate "N [mm]" -----------------------------------
# Polynomial Coefficients
0.35
-10.01

# Oscillation Amplitude Components (S; C; A; phase shift)
0.08; 0.28; 0.29; 0.27
0.41; -0.40; 0.58; -0.80

# Heaviside Jump Coefficients
-0.70
244.57

# Transient Relaxation Times Tau (days)
50.00
51.00
0.10
77.66

# Transient Amplitudes
-85.14
84.62
-4.63
-13.56

# Outliers (number of measurements removed)
20

# Error metrics
rms     : 1.626
wrms    : 1.626
rms35d  : 1.464
rms105d : 1.529
rms1y   : 1.577
rms2y   : 1.617

## INPUT MODEL: Station 21754S001A01, Coordinate "U [mm]" ================================
# Degree of Polynomial
1

# Oscillations [days; years]
182.6; 0.50
365.3; 1.00

# Heaviside Jumps (Rel. to t0 [years];  Datetime])
2003-09-25 23:55; 0.4504
2011-03-10 22:34; 7.9055

# Transients (rel. to t0 [years]; Datetime; Type of Transient)
2003-09-25 23:55; 0.4504; log  
2003-09-25 23:55; 0.4504; log  
2011-03-10 22:34; 7.9055; log  
2011-03-10 22:34; 7.9055; log  

# Transient Range (Lower Limit [days;years] ; Upper Limit [days;years])
0.1; 0.0003; 50.0; 0.13689
51.0; 0.1396; 4999.9; 13.68925
0.1; 0.0003; 50.0; 0.13689
51.0; 0.1396; 4999.9; 13.68925

# IRLSE/LSE Parameters
KK: 0
L_p Norm: 2.0
outl_factor: 5

## RESULTS: Station 21754S001A01, Coordinate "U [mm]" -----------------------------------
# Polynomial Coefficients
-5.78
-2.84

# Oscillation Amplitude Components (S; C; A; phase shift)
0.25; -0.12; 0.28; -1.12
0.35; 1.93; 1.96; 0.18

# Heaviside Jump Coefficients
-7.98
-20.82

# Transient Relaxation Times Tau (days)
41.05
338.49
50.00
4999.90

# Transient Amplitudes
8.13
-17.18
-4.20
94.53

# Outliers (number of measurements removed)
12

# Error metrics
rms     : 4.656
wrms    : 4.656
rms35d  : 4.489
rms105d : 4.388
rms1y   : 4.868
rms2y   : 4.674

