## Header ================================================================================
# Station Name
21754S001A01

# Time Series (Start;End)
2003-04-14 12:00:00; 2013-12-30 12:00:00

# Number of Measurements
3875

# LS Estimation Method (1 := E,N,U separately; 2 := E,N combined, U sep.; 3 := E,N,U comb.)
1

# Target Function for Optimization
rms

# new ITRF jump
false; false; false

# Transient Settings
doTsOverlay: false
doRemoveTs: false

# Weighting t/f (per Coordinate)
false; false; false

# Weighting Settings (global)
weight decay:       1.0
weight(default):    1.0
weight(eq):         0.0
t_weight(eq)):      0.0
t_weight(default)): 2.0

## INPUT MODEL: Station 21754S001A01, Coordinate "E [mm]" ================================
# Degree of Polynomial
1

# Oscillations [days; years]
182.6; 0.50
365.3; 1.00

# Heaviside Jumps (Rel. to t0 [years];  Datetime])
2003-09-25 23:55; 0.4504
2011-03-10 22:34; 7.9055

# Transients (rel. to t0 [years]; Datetime; Type of Transient)
2003-09-25 23:55; 0.4504; log  
2003-09-25 23:55; 0.4504; log  
2011-03-10 22:34; 7.9055; log  
2011-03-10 22:34; 7.9055; log  

# Transient Range (Lower Limit [days;years] ; Upper Limit [days;years])
1.0; 0.0027; 50.0; 0.13689
100.0; 0.2738; 4999.9; 13.68925
1.0; 0.0027; 50.0; 0.13689
100.0; 0.2738; 4999.9; 13.68925

# IRLSE/LSE Parameters
KK: 0
L_p Norm: 1.0
outl_factor: 5

## RESULTS: Station 21754S001A01, Coordinate "E [mm]" -----------------------------------
# Polynomial Coefficients
-2.621
5.941

# Oscillation Amplitude Components (S; C; A; phase shift)
0.305; 0.253; 0.396; 0.879
0.920; 0.247; 0.953; 1.308

# Heaviside Jump Coefficients
18.463
139.382

# Transient Relaxation Times Tau (days)
1.597
4253.370
7.608
868.613

# Transient Amplitudes
1.931
80.706
5.302
87.564

# Outliers (number of measurements removed)
16

# Error metrics
rms     : 1.740
wrms    : 1.740
rms35d  : 1.740
rms105d : 1.726
rms1y   : 1.759
rms2y   : 1.674

## INPUT MODEL: Station 21754S001A01, Coordinate "N [mm]" ================================
# Degree of Polynomial
1

# Oscillations [days; years]
182.6; 0.50
365.3; 1.00

# Heaviside Jumps (Rel. to t0 [years];  Datetime])
2003-09-25 23:55; 0.4504
2011-03-10 22:34; 7.9055

# Transients (rel. to t0 [years]; Datetime; Type of Transient)
2003-09-25 23:55; 0.4504; log  
2003-09-25 23:55; 0.4504; log  
2011-03-10 22:34; 7.9055; log  
2011-03-10 22:34; 7.9055; log  

# Transient Range (Lower Limit [days;years] ; Upper Limit [days;years])
1.0; 0.0027; 50.0; 0.13689
100.0; 0.2738; 4999.9; 13.68925
1.0; 0.0027; 50.0; 0.13689
100.0; 0.2738; 4999.9; 13.68925

# IRLSE/LSE Parameters
KK: 0
L_p Norm: 1.0
outl_factor: 5

## RESULTS: Station 21754S001A01, Coordinate "N [mm]" -----------------------------------
# Polynomial Coefficients
0.605
-11.131

# Oscillation Amplitude Components (S; C; A; phase shift)
0.057; 0.272; 0.278; 0.205
0.376; -0.401; 0.550; -0.753

# Heaviside Jump Coefficients
-0.476
-98.626

# Transient Relaxation Times Tau (days)
49.989
3005.385
20.226
4998.814

# Transient Amplitudes
-1.648
17.256
-15.099
-140.726

# Outliers (number of measurements removed)
19

# Error metrics
rms     : 1.624
wrms    : 1.624
rms35d  : 1.817
rms105d : 1.646
rms1y   : 1.614
rms2y   : 1.628

## INPUT MODEL: Station 21754S001A01, Coordinate "U [mm]" ================================
# Degree of Polynomial
1

# Oscillations [days; years]
182.6; 0.50
365.3; 1.00

# Heaviside Jumps (Rel. to t0 [years];  Datetime])
2003-09-25 23:55; 0.4504
2011-03-10 22:34; 7.9055

# Transients (rel. to t0 [years]; Datetime; Type of Transient)
2003-09-25 23:55; 0.4504; log  
2003-09-25 23:55; 0.4504; log  
2011-03-10 22:34; 7.9055; log  
2011-03-10 22:34; 7.9055; log  

# Transient Range (Lower Limit [days;years] ; Upper Limit [days;years])
1.0; 0.0027; 50.0; 0.13689
100.0; 0.2738; 4999.9; 13.68925
1.0; 0.0027; 50.0; 0.13689
100.0; 0.2738; 4999.9; 13.68925

# IRLSE/LSE Parameters
KK: 0
L_p Norm: 1.0
outl_factor: 5

## RESULTS: Station 21754S001A01, Coordinate "U [mm]" -----------------------------------
# Polynomial Coefficients
-5.784
-2.971

# Oscillation Amplitude Components (S; C; A; phase shift)
0.299; -0.106; 0.318; -1.231
0.298; 1.995; 2.017; 0.148

# Heaviside Jump Coefficients
-10.823
-99.999

# Transient Relaxation Times Tau (days)
46.634
103.947
34.750
114.011

# Transient Amplitudes
28.754
-35.423
-7.902
10.509

# Outliers (number of measurements removed)
14

# Error metrics
rms     : 4.668
wrms    : 4.668
rms35d  : 4.526
rms105d : 4.402
rms1y   : 4.879
rms2y   : 4.695

