## Header ================================================================================
# Station Name
21754S001A01

# Time Series (Start;End)
2003-04-14 12:00:00; 2013-12-30 12:00:00

# Number of Measurements
3875

# LS Estimation Method (1 := E,N,U separately; 2 := E,N combined, U sep.; 3 := E,N,U comb.)
1

# Target Function for Optimization
rms

# new ITRF jump
false; false; false

# Transient Settings
doTsOverlay: false
doRemoveTs: false

# Weighting t/f (per Coordinate)
false; false; false

# Weighting Settings (global)
weight decay:       1.0
weight(default):    1.0
weight(eq):         0.0
t_weight(eq)):      0.0
t_weight(default)): 2.0

## INPUT MODEL: Station 21754S001A01, Coordinate "E [mm]" ================================
# Degree of Polynomial
1

# Oscillations [days; years]
182.6; 0.50
365.3; 1.00

# Heaviside Jumps (Rel. to t0 [years];  Datetime])
2003-09-25 23:55; 0.4504
2011-03-10 22:34; 7.9055

# Transients (rel. to t0 [years]; Datetime; Type of Transient)
2003-09-25 23:55; 0.4504; log  
2003-09-25 23:55; 0.4504; log  
2011-03-10 22:34; 7.9055; log  
2011-03-10 22:34; 7.9055; log  

# Transient Range (Lower Limit [days;years] ; Upper Limit [days;years])
1.0; 0.0027; 41.0; 0.11225
100.0; 0.2738; 350.0; 0.95827
1.0; 0.0027; 41.0; 0.11225
100.0; 0.2738; 350.0; 0.95827

# IRLSE/LSE Parameters
KK: 0
L_p Norm: 1.0
outl_factor: 5

## RESULTS: Station 21754S001A01, Coordinate "E [mm]" -----------------------------------
# Polynomial Coefficients
-3.605
10.219

# Oscillation Amplitude Components (S; C; A; phase shift)
0.315; 0.310; 0.442; 0.792
0.934; 0.284; 0.976; 1.275

# Heaviside Jump Coefficients
15.794
107.209

# Transient Relaxation Times Tau (days)
1.000
350.000
1.000
350.000

# Transient Amplitudes
2.038
3.947
2.102
49.278

# Outliers (number of measurements removed)
12

# Error metrics
rms     : 1.783
wrms    : 1.783
rms35d  : 1.735
rms105d : 1.758
rms1y   : 1.758
rms2y   : 1.690

## INPUT MODEL: Station 21754S001A01, Coordinate "N [mm]" ================================
# Degree of Polynomial
1

# Oscillations [days; years]
182.6; 0.50
365.3; 1.00

# Heaviside Jumps (Rel. to t0 [years];  Datetime])
2003-09-25 23:55; 0.4504
2011-03-10 22:34; 7.9055

# Transients (rel. to t0 [years]; Datetime; Type of Transient)
2003-09-25 23:55; 0.4504; log  
2003-09-25 23:55; 0.4504; log  
2011-03-10 22:34; 7.9055; log  
2011-03-10 22:34; 7.9055; log  

# Transient Range (Lower Limit [days;years] ; Upper Limit [days;years])
1.0; 0.0027; 41.0; 0.11225
100.0; 0.2738; 350.0; 0.95827
1.0; 0.0027; 41.0; 0.11225
100.0; 0.2738; 350.0; 0.95827

# IRLSE/LSE Parameters
KK: 0
L_p Norm: 1.0
outl_factor: 5

## RESULTS: Station 21754S001A01, Coordinate "N [mm]" -----------------------------------
# Polynomial Coefficients
0.370
-10.031

# Oscillation Amplitude Components (S; C; A; phase shift)
0.075; 0.277; 0.287; 0.263
0.449; -0.426; 0.619; -0.812

# Heaviside Jump Coefficients
0.840
-100.844

# Transient Relaxation Times Tau (days)
1.000
350.000
1.000
350.000

# Transient Amplitudes
-0.726
0.284
-6.063
-39.834

# Outliers (number of measurements removed)
22

# Error metrics
rms     : 1.641
wrms    : 1.641
rms35d  : 1.291
rms105d : 1.462
rms1y   : 1.565
rms2y   : 1.633

## INPUT MODEL: Station 21754S001A01, Coordinate "U [mm]" ================================
# Degree of Polynomial
1

# Oscillations [days; years]
182.6; 0.50
365.3; 1.00

# Heaviside Jumps (Rel. to t0 [years];  Datetime])
2003-09-25 23:55; 0.4504
2011-03-10 22:34; 7.9055

# Transients (rel. to t0 [years]; Datetime; Type of Transient)
2003-09-25 23:55; 0.4504; log  
2003-09-25 23:55; 0.4504; log  
2011-03-10 22:34; 7.9055; log  
2011-03-10 22:34; 7.9055; log  

# Transient Range (Lower Limit [days;years] ; Upper Limit [days;years])
1.0; 0.0027; 41.0; 0.11225
100.0; 0.2738; 350.0; 0.95827
1.0; 0.0027; 41.0; 0.11225
100.0; 0.2738; 350.0; 0.95827

# IRLSE/LSE Parameters
KK: 0
L_p Norm: 1.0
outl_factor: 5

## RESULTS: Station 21754S001A01, Coordinate "U [mm]" -----------------------------------
# Polynomial Coefficients
-5.879
-2.480

# Oscillation Amplitude Components (S; C; A; phase shift)
0.266; -0.098; 0.283; -1.216
0.316; 1.965; 1.990; 0.160

# Heaviside Jump Coefficients
-8.706
-26.626

# Transient Relaxation Times Tau (days)
41.000
350.000
41.000
350.000

# Transient Amplitudes
9.136
-20.215
-6.499
16.917

# Outliers (number of measurements removed)
13

# Error metrics
rms     : 4.668
wrms    : 4.668
rms35d  : 4.471
rms105d : 4.380
rms1y   : 4.881
rms2y   : 4.694

