## Header ================================================================================
# Station Name
21754S001A01

# Time Series (Start;End)
2011-03-11 12:00:00; 2013-12-30 12:00:00

# Number of Measurements
1010

# LS Estimation Method (1 := E,N,U separately; 2 := E,N combined, U sep.; 3 := E,N,U comb.)
1

# Target Function for Optimization
rms

# new ITRF jump
false; false; false

# Transient Settings
doTsOverlay: false
doRemoveTs: false

# Weighting t/f (per Coordinate)
false; false; false

# Weighting Settings (global)
weight decay:       1.0
weight(default):    1.0
weight(eq):         0.0
t_weight(eq)):      0.0
t_weight(default)): 2.0

## INPUT MODEL: Station 21754S001A01, Coordinate "E [mm]" ================================
# Degree of Polynomial
1

# Oscillations [days; years]
182.6; 0.50
365.3; 1.00

# Heaviside Jumps (Rel. to t0 [years];  Datetime])
2011-03-11 00:00; -0.0014

# Transients (rel. to t0 [years]; Datetime; Type of Transient)
2011-03-11 00:00; -0.0014; log  
2011-03-11 00:00; -0.0014; log  

# Transient Range (Lower Limit [days;years] ; Upper Limit [days;years])
0.1; 0.0003; 50.0; 0.13689
51.0; 0.1396; 4999.9; 13.68925

# IRLSE/LSE Parameters
KK: 0
L_p Norm: 1.0
outl_factor: 5

## RESULTS: Station 21754S001A01, Coordinate "E [mm]" -----------------------------------
# Polynomial Coefficients
100.451
-76.469

# Oscillation Amplitude Components (S; C; A; phase shift)
0.412; 0.515; 0.659; 0.674
0.138; 0.593; 0.609; 0.229

# Heaviside Jump Coefficients
100.451

# Transient Relaxation Times Tau (days)
0.100
4999.897

# Transient Amplitudes
4.336
1614.456

# Outliers (number of measurements removed)
2

# Error metrics
rms     : 1.601
wrms    : 1.601
rms35d  : 1.871
rms105d : 1.642
rms1y   : 1.545
rms2y   : 1.550

## INPUT MODEL: Station 21754S001A01, Coordinate "N [mm]" ================================
# Degree of Polynomial
1

# Oscillations [days; years]
182.6; 0.50
365.3; 1.00

# Heaviside Jumps (Rel. to t0 [years];  Datetime])
2011-03-11 00:00; -0.0014

# Transients (rel. to t0 [years]; Datetime; Type of Transient)
2011-03-11 00:00; -0.0014; log  

# Transient Range (Lower Limit [days;years] ; Upper Limit [days;years])
0.1; 0.0003; 50.0; 0.13689

# IRLSE/LSE Parameters
KK: 0
L_p Norm: 1.0
outl_factor: 5

## RESULTS: Station 21754S001A01, Coordinate "N [mm]" -----------------------------------
# Polynomial Coefficients
-94.143
-21.913

# Oscillation Amplitude Components (S; C; A; phase shift)
-0.466; 0.883; 0.999; -0.485
0.145; 0.022; 0.146; 1.422

# Heaviside Jump Coefficients
-94.143

# Transient Relaxation Times Tau (days)
9.065

# Transient Amplitudes
-13.028

# Outliers (number of measurements removed)
3

# Error metrics
rms     : 1.828
wrms    : 1.828
rms35d  : 1.910
rms105d : 1.774
rms1y   : 1.675
rms2y   : 1.759

## INPUT MODEL: Station 21754S001A01, Coordinate "U [mm]" ================================
# Degree of Polynomial
1

# Oscillations [days; years]
182.6; 0.50
365.3; 1.00

# Heaviside Jumps (Rel. to t0 [years];  Datetime])
2011-03-11 00:00; -0.0014

# Transients (rel. to t0 [years]; Datetime; Type of Transient)
2011-03-11 00:00; -0.0014; log  

# Transient Range (Lower Limit [days;years] ; Upper Limit [days;years])
0.1; 0.0003; 50.0; 0.13689

# IRLSE/LSE Parameters
KK: 0
L_p Norm: 1.0
outl_factor: 5

## RESULTS: Station 21754S001A01, Coordinate "U [mm]" -----------------------------------
# Polynomial Coefficients
-10.791
4.506

# Oscillation Amplitude Components (S; C; A; phase shift)
-0.634; -0.720; 0.959; 0.722
-1.732; 1.377; 2.212; -0.899

# Heaviside Jump Coefficients
-10.791

# Transient Relaxation Times Tau (days)
49.999

# Transient Amplitudes
-4.693

# Outliers (number of measurements removed)
2

# Error metrics
rms     : 4.893
wrms    : 4.893
rms35d  : 4.504
rms105d : 4.022
rms1y   : 4.907
rms2y   : 4.759

