## Header ================================================================================
# Station Name
21762S001A01

# Time Series (Start;End)
2003-06-25 12:00:00; 2013-12-30 12:00:00

# Number of Measurements
3749

# LS Estimation Method (1 := E,N,U separately; 2 := E,N combined, U sep.; 3 := E,N,U comb.)
1

# Target Function for Optimization
rms

# new ITRF jump
false; false; false

# Transient Settings
doTsOverlay: false
doRemoveTs: false

# Weighting t/f (per Coordinate)
false; false; false

# Weighting Settings (global)
weight decay:       1.0
weight(default):    1.0
weight(eq):         0.0
t_weight(eq)):      0.0
t_weight(default)): 2.0

## INPUT MODEL: Station 21762S001A01, Coordinate "E [mm]" ================================
# Degree of Polynomial
1

# Oscillations [days; years]
182.6; 0.50
365.3; 1.00

# Heaviside Jumps (Rel. to t0 [years];  Datetime])
2004-10-22 23:45; 1.3292
2007-07-15 23:16; 4.0561
2011-03-10 22:36; 7.7084

# Transients (rel. to t0 [years]; Datetime; Type of Transient)
2004-10-22 23:45; 1.3292; log  
2004-10-22 23:45; 1.3292; log  
2007-07-15 23:16; 4.0561; log  
2007-07-15 23:16; 4.0561; log  
2011-03-10 22:36; 7.7084; log  
2011-03-10 22:36; 7.7084; log  

# Transient Range (Lower Limit [days;years] ; Upper Limit [days;years])
1.0; 0.0027; 50.0; 0.13689
100.0; 0.2738; 4999.9; 13.68925
1.0; 0.0027; 50.0; 0.13689
100.0; 0.2738; 4999.9; 13.68925
1.0; 0.0027; 50.0; 0.13689
100.0; 0.2738; 4999.9; 13.68925

# IRLSE/LSE Parameters
KK: 0
L_p Norm: 1.0
outl_factor: 5

## RESULTS: Station 21762S001A01, Coordinate "E [mm]" -----------------------------------
# Polynomial Coefficients
0.114
8.131

# Oscillation Amplitude Components (S; C; A; phase shift)
0.039; -0.241; 0.244; -0.159
0.486; -0.506; 0.701; -0.765

# Heaviside Jump Coefficients
40.847
-68.514
478.114

# Transient Relaxation Times Tau (days)
25.609
2373.446
15.784
1373.112
15.253
893.640

# Transient Amplitudes
1.842
37.529
-4.259
19.319
48.663
234.942

# Outliers (number of measurements removed)
22

# Error metrics
rms     : 1.555
wrms    : 1.555
rms35d  : 1.821
rms105d : 1.635
rms1y   : 1.536
rms2y   : 1.521

## INPUT MODEL: Station 21762S001A01, Coordinate "N [mm]" ================================
# Degree of Polynomial
1

# Oscillations [days; years]
182.6; 0.50
365.3; 1.00

# Heaviside Jumps (Rel. to t0 [years];  Datetime])
2004-10-22 23:45; 1.3292
2007-07-15 23:16; 4.0561
2011-03-10 22:36; 7.7084

# Transients (rel. to t0 [years]; Datetime; Type of Transient)
2004-10-22 23:45; 1.3292; log  
2004-10-22 23:45; 1.3292; log  
2007-07-15 23:16; 4.0561; log  
2007-07-15 23:16; 4.0561; log  
2011-03-10 22:36; 7.7084; log  
2011-03-10 22:36; 7.7084; log  

# Transient Range (Lower Limit [days;years] ; Upper Limit [days;years])
1.0; 0.0027; 50.0; 0.13689
100.0; 0.2738; 4999.9; 13.68925
1.0; 0.0027; 50.0; 0.13689
100.0; 0.2738; 4999.9; 13.68925
1.0; 0.0027; 50.0; 0.13689
100.0; 0.2738; 4999.9; 13.68925

# IRLSE/LSE Parameters
KK: 0
L_p Norm: 1.0
outl_factor: 5

## RESULTS: Station 21762S001A01, Coordinate "N [mm]" -----------------------------------
# Polynomial Coefficients
2.071
-10.728

# Oscillation Amplitude Components (S; C; A; phase shift)
0.249; -0.429; 0.496; -0.526
-0.494; -0.281; 0.568; 1.053

# Heaviside Jump Coefficients
-15.749
77.610
3.196

# Transient Relaxation Times Tau (days)
46.705
1588.519
1.329
1790.536
23.935
110.388

# Transient Amplitudes
-4.213
13.772
3.688
14.809
-3.983
6.465

# Outliers (number of measurements removed)
32

# Error metrics
rms     : 1.712
wrms    : 1.712
rms35d  : 1.758
rms105d : 1.696
rms1y   : 1.697
rms2y   : 1.701

## INPUT MODEL: Station 21762S001A01, Coordinate "U [mm]" ================================
# Degree of Polynomial
1

# Oscillations [days; years]
182.6; 0.50
365.3; 1.00

# Heaviside Jumps (Rel. to t0 [years];  Datetime])
2004-10-22 23:45; 1.3292
2007-07-15 23:16; 4.0561
2011-03-10 22:36; 7.7084

# Transients (rel. to t0 [years]; Datetime; Type of Transient)
2004-10-22 23:45; 1.3292; log  
2004-10-22 23:45; 1.3292; log  
2007-07-15 23:16; 4.0561; log  
2007-07-15 23:16; 4.0561; log  
2011-03-10 22:36; 7.7084; log  
2011-03-10 22:36; 7.7084; log  

# Transient Range (Lower Limit [days;years] ; Upper Limit [days;years])
1.0; 0.0027; 50.0; 0.13689
100.0; 0.2738; 4999.9; 13.68925
1.0; 0.0027; 50.0; 0.13689
100.0; 0.2738; 4999.9; 13.68925
1.0; 0.0027; 50.0; 0.13689
100.0; 0.2738; 4999.9; 13.68925

# IRLSE/LSE Parameters
KK: 0
L_p Norm: 1.0
outl_factor: 5

## RESULTS: Station 21762S001A01, Coordinate "U [mm]" -----------------------------------
# Polynomial Coefficients
-1.997
2.703

# Oscillation Amplitude Components (S; C; A; phase shift)
0.223; -0.049; 0.228; -1.353
0.734; 1.130; 1.347; 0.576

# Heaviside Jump Coefficients
-3.672
-52.906
11.769

# Transient Relaxation Times Tau (days)
5.803
137.051
48.166
1067.751
49.987
4999.521

# Transient Amplitudes
2.518
-8.745
0.332
-27.276
-0.779
162.066

# Outliers (number of measurements removed)
24

# Error metrics
rms     : 4.413
wrms    : 4.413
rms35d  : 3.979
rms105d : 4.118
rms1y   : 4.312
rms2y   : 4.343

