## Header ================================================================================
# Station Name
21778S001A01

# Time Series (Start;End)
2003-04-14 12:00:00; 2013-12-30 12:00:00

# Number of Measurements
3831

# LS Estimation Method (1 := E,N,U separately; 2 := E,N combined, U sep.; 3 := E,N,U comb.)
1

# Target Function for Optimization
rms

# new ITRF jump
false; false; false

# Transient Settings
doTsOverlay: false
doRemoveTs: false

# Weighting t/f (per Coordinate)
false; false; false

# Weighting Settings (global)
weight decay:       1.0
weight(default):    1.0
weight(eq):         0.0
t_weight(eq)):      0.0
t_weight(default)): 2.0

## INPUT MODEL: Station 21778S001A01, Coordinate "E [mm]" ================================
# Degree of Polynomial
1

# Oscillations [days; years]
182.6; 0.50
365.3; 1.00

# Heaviside Jumps (Rel. to t0 [years];  Datetime])
2003-05-07 23:59; 0.0643
2003-09-25 23:55; 0.4504
2004-11-27 23:42; 1.6249
2011-03-10 22:34; 7.9055

# Transients (rel. to t0 [years]; Datetime; Type of Transient)
2003-09-25 23:55; 0.4504; log  
2003-09-25 23:55; 0.4504; log  
2004-11-27 23:42; 1.6249; log  
2004-11-27 23:42; 1.6249; log  
2011-03-10 22:34; 7.9055; log  
2011-03-10 22:34; 7.9055; log  

# Transient Range (Lower Limit [days;years] ; Upper Limit [days;years])
1.0; 0.0027; 50.0; 0.13689
100.0; 0.2738; 4999.9; 13.68925
1.0; 0.0027; 50.0; 0.13689
100.0; 0.2738; 4999.9; 13.68925
1.0; 0.0027; 50.0; 0.13689
100.0; 0.2738; 4999.9; 13.68925

# IRLSE/LSE Parameters
KK: 0
L_p Norm: 1.0
outl_factor: 5

## RESULTS: Station 21778S001A01, Coordinate "E [mm]" -----------------------------------
# Polynomial Coefficients
-2.235
-29.450

# Oscillation Amplitude Components (S; C; A; phase shift)
0.106; 0.173; 0.203; 0.547
1.088; 0.554; 1.221; 1.100

# Heaviside Jump Coefficients
6.211
171.142
59.017
142.308

# Transient Relaxation Times Tau (days)
1.178
684.097
1.000
1927.834
49.999
585.339

# Transient Amplitudes
10.489
80.654
3.391
170.705
-4.845
56.661

# Outliers (number of measurements removed)
16

# Error metrics
rms     : 1.634
wrms    : 1.634
rms35d  : 1.794
rms105d : 1.608
rms1y   : 1.561
rms2y   : 1.662

## INPUT MODEL: Station 21778S001A01, Coordinate "N [mm]" ================================
# Degree of Polynomial
1

# Oscillations [days; years]
182.6; 0.50
365.3; 1.00

# Heaviside Jumps (Rel. to t0 [years];  Datetime])
2003-05-07 23:59; 0.0643
2003-09-25 23:55; 0.4504
2004-11-27 23:42; 1.6249
2011-03-10 22:34; 7.9055

# Transients (rel. to t0 [years]; Datetime; Type of Transient)
2003-09-25 23:55; 0.4504; log  
2003-09-25 23:55; 0.4504; log  
2004-11-27 23:42; 1.6249; log  
2004-11-27 23:42; 1.6249; log  
2011-03-10 22:34; 7.9055; log  
2011-03-10 22:34; 7.9055; log  

# Transient Range (Lower Limit [days;years] ; Upper Limit [days;years])
1.0; 0.0027; 50.0; 0.13689
100.0; 0.2738; 4999.9; 13.68925
1.0; 0.0027; 50.0; 0.13689
100.0; 0.2738; 4999.9; 13.68925
1.0; 0.0027; 50.0; 0.13689
100.0; 0.2738; 4999.9; 13.68925

# IRLSE/LSE Parameters
KK: 0
L_p Norm: 1.0
outl_factor: 5

## RESULTS: Station 21778S001A01, Coordinate "N [mm]" -----------------------------------
# Polynomial Coefficients
1.256
-2.299

# Oscillation Amplitude Components (S; C; A; phase shift)
0.091; 0.289; 0.303; 0.306
1.214; -1.837; 2.202; -0.584

# Heaviside Jump Coefficients
-1.226
63.838
11.471
95.179

# Transient Relaxation Times Tau (days)
1.066
100.001
49.995
1650.072
1.010
1069.345

# Transient Amplitudes
-13.049
8.588
-11.083
92.991
0.824
76.237

# Outliers (number of measurements removed)
17

# Error metrics
rms     : 1.541
wrms    : 1.541
rms35d  : 2.031
rms105d : 1.828
rms1y   : 1.580
rms2y   : 1.588

## INPUT MODEL: Station 21778S001A01, Coordinate "U [mm]" ================================
# Degree of Polynomial
1

# Oscillations [days; years]
182.6; 0.50
365.3; 1.00

# Heaviside Jumps (Rel. to t0 [years];  Datetime])
2003-05-07 23:59; 0.0643
2003-09-25 23:55; 0.4504
2004-11-27 23:42; 1.6249
2011-03-10 22:34; 7.9055

# Transients (rel. to t0 [years]; Datetime; Type of Transient)
2003-09-25 23:55; 0.4504; log  
2003-09-25 23:55; 0.4504; log  
2004-11-27 23:42; 1.6249; log  
2004-11-27 23:42; 1.6249; log  
2011-03-10 22:34; 7.9055; log  
2011-03-10 22:34; 7.9055; log  

# Transient Range (Lower Limit [days;years] ; Upper Limit [days;years])
1.0; 0.0027; 50.0; 0.13689
100.0; 0.2738; 4999.9; 13.68925
1.0; 0.0027; 50.0; 0.13689
100.0; 0.2738; 4999.9; 13.68925
1.0; 0.0027; 50.0; 0.13689
100.0; 0.2738; 4999.9; 13.68925

# IRLSE/LSE Parameters
KK: 0
L_p Norm: 1.0
outl_factor: 5

## RESULTS: Station 21778S001A01, Coordinate "U [mm]" -----------------------------------
# Polynomial Coefficients
2.522
1.631

# Oscillation Amplitude Components (S; C; A; phase shift)
-0.505; 0.042; 0.507; -1.487
0.010; 0.093; 0.094; 0.105

# Heaviside Jump Coefficients
571.551
10.773
25.183
33.022

# Transient Relaxation Times Tau (days)
2.383
99.998
1.000
416.741
1.000
4999.897

# Transient Amplitudes
-4.773
15.836
-3.457
22.018
1.175
66.890

# Outliers (number of measurements removed)
12

# Error metrics
rms     : 3.597
wrms    : 3.597
rms35d  : 3.341
rms105d : 3.333
rms1y   : 3.497
rms2y   : 3.466

