## Header ================================================================================
# Station Name
21778S001A01

# Time Series (Start;End)
2003-04-14 12:00:00; 2013-12-30 12:00:00

# Number of Measurements
3831

# LS Estimation Method (1 := E,N,U separately; 2 := E,N combined, U sep.; 3 := E,N,U comb.)
1

# Target Function for Optimization
rms

# new ITRF jump
false; false; false

# Transient Settings
doTsOverlay: false
doRemoveTs: false

# Weighting t/f (per Coordinate)
false; false; false

# Weighting Settings (global)
weight decay:       1.0
weight(default):    1.0
weight(eq):         0.0
t_weight(eq)):      0.0
t_weight(default)): 2.0

## INPUT MODEL: Station 21778S001A01, Coordinate "E [mm]" ================================
# Degree of Polynomial
1

# Oscillations [days; years]
182.6; 0.50
365.3; 1.00

# Heaviside Jumps (Rel. to t0 [years];  Datetime])
2003-05-07 23:59; 0.0643
2003-09-25 23:55; 0.4504
2004-11-27 23:42; 1.6249
2011-03-10 22:34; 7.9055

# Transients (rel. to t0 [years]; Datetime; Type of Transient)
2003-09-25 23:55; 0.4504; log  
2003-09-25 23:55; 0.4504; log  
2004-11-27 23:42; 1.6249; log  
2004-11-27 23:42; 1.6249; log  
2011-03-10 22:34; 7.9055; log  
2011-03-10 22:34; 7.9055; log  

# Transient Range (Lower Limit [days;years] ; Upper Limit [days;years])
1.0; 0.0027; 41.0; 0.11225
100.0; 0.2738; 350.0; 0.95827
1.0; 0.0027; 41.0; 0.11225
100.0; 0.2738; 350.0; 0.95827
1.0; 0.0027; 41.0; 0.11225
100.0; 0.2738; 350.0; 0.95827

# IRLSE/LSE Parameters
KK: 0
L_p Norm: 1.0
outl_factor: 5

## RESULTS: Station 21778S001A01, Coordinate "E [mm]" -----------------------------------
# Polynomial Coefficients
-2.810
-18.456

# Oscillation Amplitude Components (S; C; A; phase shift)
0.135; 0.191; 0.234; 0.615
1.284; 0.578; 1.408; 1.148

# Heaviside Jump Coefficients
3.952
168.517
58.092
89.116

# Transient Relaxation Times Tau (days)
1.000
350.000
1.000
350.000
1.000
350.000

# Transient Amplitudes
10.081
34.611
-0.147
41.082
-0.030
11.643

# Outliers (number of measurements removed)
12

# Error metrics
rms     : 1.755
wrms    : 1.755
rms35d  : 2.421
rms105d : 2.009
rms1y   : 1.759
rms2y   : 1.909

## INPUT MODEL: Station 21778S001A01, Coordinate "N [mm]" ================================
# Degree of Polynomial
1

# Oscillations [days; years]
182.6; 0.50
365.3; 1.00

# Heaviside Jumps (Rel. to t0 [years];  Datetime])
2003-05-07 23:59; 0.0643
2003-09-25 23:55; 0.4504
2004-11-27 23:42; 1.6249
2011-03-10 22:34; 7.9055

# Transients (rel. to t0 [years]; Datetime; Type of Transient)
2003-09-25 23:55; 0.4504; log  
2003-09-25 23:55; 0.4504; log  
2004-11-27 23:42; 1.6249; log  
2004-11-27 23:42; 1.6249; log  
2011-03-10 22:34; 7.9055; log  
2011-03-10 22:34; 7.9055; log  

# Transient Range (Lower Limit [days;years] ; Upper Limit [days;years])
1.0; 0.0027; 41.0; 0.11225
100.0; 0.2738; 350.0; 0.95827
1.0; 0.0027; 41.0; 0.11225
100.0; 0.2738; 350.0; 0.95827
1.0; 0.0027; 41.0; 0.11225
100.0; 0.2738; 350.0; 0.95827

# IRLSE/LSE Parameters
KK: 0
L_p Norm: 1.0
outl_factor: 5

## RESULTS: Station 21778S001A01, Coordinate "N [mm]" -----------------------------------
# Polynomial Coefficients
0.868
5.004

# Oscillation Amplitude Components (S; C; A; phase shift)
0.090; 0.284; 0.298; 0.307
1.374; -1.805; 2.268; -0.650

# Heaviside Jump Coefficients
-2.727
60.110
9.843
34.893

# Transient Relaxation Times Tau (days)
1.000
350.000
1.000
350.000
1.000
350.000

# Transient Amplitudes
-11.487
0.013
-5.617
10.262
0.356
22.505

# Outliers (number of measurements removed)
18

# Error metrics
rms     : 1.630
wrms    : 1.630
rms35d  : 2.401
rms105d : 2.111
rms1y   : 1.687
rms2y   : 1.717

## INPUT MODEL: Station 21778S001A01, Coordinate "U [mm]" ================================
# Degree of Polynomial
1

# Oscillations [days; years]
182.6; 0.50
365.3; 1.00

# Heaviside Jumps (Rel. to t0 [years];  Datetime])
2003-05-07 23:59; 0.0643
2003-09-25 23:55; 0.4504
2004-11-27 23:42; 1.6249
2011-03-10 22:34; 7.9055

# Transients (rel. to t0 [years]; Datetime; Type of Transient)
2003-09-25 23:55; 0.4504; log  
2003-09-25 23:55; 0.4504; log  
2004-11-27 23:42; 1.6249; log  
2004-11-27 23:42; 1.6249; log  
2011-03-10 22:34; 7.9055; log  
2011-03-10 22:34; 7.9055; log  

# Transient Range (Lower Limit [days;years] ; Upper Limit [days;years])
1.0; 0.0027; 41.0; 0.11225
100.0; 0.2738; 350.0; 0.95827
1.0; 0.0027; 41.0; 0.11225
100.0; 0.2738; 350.0; 0.95827
1.0; 0.0027; 41.0; 0.11225
100.0; 0.2738; 350.0; 0.95827

# IRLSE/LSE Parameters
KK: 0
L_p Norm: 1.0
outl_factor: 5

## RESULTS: Station 21778S001A01, Coordinate "U [mm]" -----------------------------------
# Polynomial Coefficients
2.479
2.148

# Oscillation Amplitude Components (S; C; A; phase shift)
-0.499; 0.051; 0.502; -1.469
0.023; 0.123; 0.125; 0.184

# Heaviside Jump Coefficients
571.440
9.185
15.175
26.968

# Transient Relaxation Times Tau (days)
1.000
350.000
1.000
350.000
1.000
350.000

# Transient Amplitudes
-2.364
21.494
-3.362
16.545
0.409
9.467

# Outliers (number of measurements removed)
13

# Error metrics
rms     : 3.605
wrms    : 3.605
rms35d  : 3.360
rms105d : 3.336
rms1y   : 3.502
rms2y   : 3.476

