## Header ================================================================================
# Station Name
21778S001A01

# Time Series (Start;End)
2003-04-14 12:00:00; 2013-12-30 12:00:00

# Number of Measurements
3831

# LS Estimation Method (1 := E,N,U separately; 2 := E,N combined, U sep.; 3 := E,N,U comb.)
1

# Target Function for Optimization
rms

# new ITRF jump
false; false; false

# Transient Settings
doTsOverlay: false
doRemoveTs: false

# Weighting t/f (per Coordinate)
false; false; false

# Weighting Settings (global)
weight decay:       1.0
weight(default):    1.0
weight(eq):         0.0
t_weight(eq)):      0.0
t_weight(default)): 2.0

## INPUT MODEL: Station 21778S001A01, Coordinate "E [mm]" ================================
# Degree of Polynomial
1

# Oscillations [days; years]
182.6; 0.50
365.3; 1.00

# Heaviside Jumps (Rel. to t0 [years];  Datetime])
2003-05-07 23:59; 0.0643
2003-09-25 23:55; 0.4504
2004-11-27 23:42; 1.6249
2011-03-10 22:34; 7.9055

# Transients (rel. to t0 [years]; Datetime; Type of Transient)
2003-09-25 23:55; 0.4504; log  
2003-09-25 23:55; 0.4504; log  
2004-11-27 23:42; 1.6249; log  
2004-11-27 23:42; 1.6249; log  
2011-03-10 22:34; 7.9055; log  
2011-03-10 22:34; 7.9055; log  

# Transient Range (Lower Limit [days;years] ; Upper Limit [days;years])
1.0; 0.0027; 50.0; 0.13689
100.0; 0.2738; 4999.9; 13.68925
1.0; 0.0027; 50.0; 0.13689
100.0; 0.2738; 4999.9; 13.68925
1.0; 0.0027; 50.0; 0.13689
100.0; 0.2738; 4999.9; 13.68925

# IRLSE/LSE Parameters
KK: 0
L_p Norm: 1.0
outl_factor: 5

## RESULTS: Station 21778S001A01, Coordinate "E [mm]" -----------------------------------
# Polynomial Coefficients
-2.393
-28.287

# Oscillation Amplitude Components (S; C; A; phase shift)
0.135; 0.150; 0.202; 0.733
1.193; 0.564; 1.319; 1.129

# Heaviside Jump Coefficients
6.073
169.366
64.029
135.077

# Transient Relaxation Times Tau (days)
1.074
1264.787
7.985
1622.693
31.507
2442.196

# Transient Amplitudes
10.893
124.919
2.649
146.072
1.163
109.297

# Outliers (number of measurements removed)
14

# Error metrics
rms     : 1.649
wrms    : 1.649
rms35d  : 1.852
rms105d : 1.623
rms1y   : 1.588
rms2y   : 1.700

## INPUT MODEL: Station 21778S001A01, Coordinate "N [mm]" ================================
# Degree of Polynomial
1

# Oscillations [days; years]
182.6; 0.50
365.3; 1.00

# Heaviside Jumps (Rel. to t0 [years];  Datetime])
2003-05-07 23:59; 0.0643
2003-09-25 23:55; 0.4504
2004-11-27 23:42; 1.6249
2011-03-10 22:34; 7.9055

# Transients (rel. to t0 [years]; Datetime; Type of Transient)
2003-09-25 23:55; 0.4504; log  
2003-09-25 23:55; 0.4504; log  
2004-11-27 23:42; 1.6249; log  
2004-11-27 23:42; 1.6249; log  
2011-03-10 22:34; 7.9055; log  
2011-03-10 22:34; 7.9055; log  

# Transient Range (Lower Limit [days;years] ; Upper Limit [days;years])
1.0; 0.0027; 50.0; 0.13689
100.0; 0.2738; 4999.9; 13.68925
1.0; 0.0027; 50.0; 0.13689
100.0; 0.2738; 4999.9; 13.68925
1.0; 0.0027; 50.0; 0.13689
100.0; 0.2738; 4999.9; 13.68925

# IRLSE/LSE Parameters
KK: 0
L_p Norm: 1.0
outl_factor: 5

## RESULTS: Station 21778S001A01, Coordinate "N [mm]" -----------------------------------
# Polynomial Coefficients
1.162
-0.810

# Oscillation Amplitude Components (S; C; A; phase shift)
0.086; 0.274; 0.287; 0.305
1.271; -1.822; 2.221; -0.609

# Heaviside Jump Coefficients
-1.524
60.872
3.842
84.718

# Transient Relaxation Times Tau (days)
1.031
1691.241
49.490
1303.300
1.907
1182.513

# Transient Amplitudes
-11.513
30.270
-11.715
70.119
1.242
72.901

# Outliers (number of measurements removed)
19

# Error metrics
rms     : 1.545
wrms    : 1.545
rms35d  : 2.176
rms105d : 1.848
rms1y   : 1.589
rms2y   : 1.602

## INPUT MODEL: Station 21778S001A01, Coordinate "U [mm]" ================================
# Degree of Polynomial
1

# Oscillations [days; years]
182.6; 0.50
365.3; 1.00

# Heaviside Jumps (Rel. to t0 [years];  Datetime])
2003-05-07 23:59; 0.0643
2003-09-25 23:55; 0.4504
2004-11-27 23:42; 1.6249
2011-03-10 22:34; 7.9055

# Transients (rel. to t0 [years]; Datetime; Type of Transient)
2003-09-25 23:55; 0.4504; log  
2003-09-25 23:55; 0.4504; log  
2004-11-27 23:42; 1.6249; log  
2004-11-27 23:42; 1.6249; log  
2011-03-10 22:34; 7.9055; log  
2011-03-10 22:34; 7.9055; log  

# Transient Range (Lower Limit [days;years] ; Upper Limit [days;years])
1.0; 0.0027; 50.0; 0.13689
100.0; 0.2738; 4999.9; 13.68925
1.0; 0.0027; 50.0; 0.13689
100.0; 0.2738; 4999.9; 13.68925
1.0; 0.0027; 50.0; 0.13689
100.0; 0.2738; 4999.9; 13.68925

# IRLSE/LSE Parameters
KK: 0
L_p Norm: 1.0
outl_factor: 5

## RESULTS: Station 21778S001A01, Coordinate "U [mm]" -----------------------------------
# Polynomial Coefficients
2.560
1.079

# Oscillation Amplitude Components (S; C; A; phase shift)
-0.511; 0.046; 0.513; -1.481
-0.005; 0.083; 0.083; -0.061

# Heaviside Jump Coefficients
571.661
10.896
22.997
33.758

# Transient Relaxation Times Tau (days)
2.494
100.023
1.505
596.187
1.007
4999.106

# Transient Amplitudes
-4.929
16.541
-2.758
26.475
1.145
74.492

# Outliers (number of measurements removed)
13

# Error metrics
rms     : 3.592
wrms    : 3.592
rms35d  : 3.157
rms105d : 3.284
rms1y   : 3.480
rms2y   : 3.455

