## Header ================================================================================
# Station Name
23104M001A01

# Time Series (Start;End)
1998-08-31 12:00:00; 2011-11-16 12:00:00

# Number of Measurements
3418

# LS Estimation Method (1 := E,N,U separately; 2 := E,N combined, U sep.; 3 := E,N,U comb.)
1

# Target Function for Optimization
rms

# new ITRF jump
false; false; false

# Transient Settings
doTsOverlay: false
doRemoveTs: false

# Weighting t/f (per Coordinate)
false; false; false

# Weighting Settings (global)
weight decay:       1.0
weight(default):    1.0
weight(eq):         0.0
t_weight(eq)):      0.0
t_weight(default)): 2.0

## INPUT MODEL: Station 23104M001A01, Coordinate "E [mm]" ================================
# Degree of Polynomial
1

# Oscillations [days; years]
182.6; 0.50
365.3; 1.00

# Heaviside Jumps (Rel. to t0 [years];  Datetime])
1999-08-21 23:49; 0.9733
2001-05-06 23:31; 2.6817
2004-12-25 22:51; 6.3203
2005-03-28 22:48; 6.5749
2010-03-17 21:55; 11.5441
2010-04-07 21:54; 11.6016
2010-05-04 21:53; 11.6756
2011-10-27 21:37; 13.1567

# Transients (rel. to t0 [years]; Datetime; Type of Transient)
2004-12-25 22:51; 6.3203; log  
2004-12-25 22:51; 6.3203; log  
2005-03-28 22:48; 6.5749; log  
2005-03-28 22:48; 6.5749; log  

# Transient Range (Lower Limit [days;years] ; Upper Limit [days;years])
1.0; 0.0027; 50.0; 0.13689
100.0; 0.2738; 4999.9; 13.68925
1.0; 0.0027; 50.0; 0.13689
100.0; 0.2738; 4999.9; 13.68925

# IRLSE/LSE Parameters
KK: 0
L_p Norm: 1.0
outl_factor: 5

## RESULTS: Station 23104M001A01, Coordinate "E [mm]" -----------------------------------
# Polynomial Coefficients
-44.359
31.105

# Oscillation Amplitude Components (S; C; A; phase shift)
0.095; -0.352; 0.364; -0.263
-0.832; -0.085; 0.836; 1.468

# Heaviside Jump Coefficients
2.614
1.812
-135.474
-117.698
2.881
-13.110
-5.232
-10.320

# Transient Relaxation Times Tau (days)
7.477
100.189
4.133
2418.294

# Transient Amplitudes
-16.009
12.578
-14.921
-150.769

# Outliers (number of measurements removed)
27

# Error metrics
rms     : 2.656
wrms    : 2.656
rms35d  : 2.292
rms105d : 2.190
rms1y   : 2.183
rms2y   : 2.208

## INPUT MODEL: Station 23104M001A01, Coordinate "N [mm]" ================================
# Degree of Polynomial
1

# Oscillations [days; years]
182.6; 0.50
365.3; 1.00

# Heaviside Jumps (Rel. to t0 [years];  Datetime])
1999-08-21 23:49; 0.9733
2001-05-06 23:31; 2.6817
2004-12-25 22:51; 6.3203
2005-03-28 22:48; 6.5749
2010-03-17 21:55; 11.5441
2010-04-07 21:54; 11.6016
2010-05-04 21:53; 11.6756
2011-10-27 21:37; 13.1567

# Transients (rel. to t0 [years]; Datetime; Type of Transient)
2004-12-25 22:51; 6.3203; log  
2004-12-25 22:51; 6.3203; log  
2005-03-28 22:48; 6.5749; log  
2005-03-28 22:48; 6.5749; log  

# Transient Range (Lower Limit [days;years] ; Upper Limit [days;years])
1.0; 0.0027; 50.0; 0.13689
100.0; 0.2738; 4999.9; 13.68925
1.0; 0.0027; 50.0; 0.13689
100.0; 0.2738; 4999.9; 13.68925

# IRLSE/LSE Parameters
KK: 0
L_p Norm: 1.0
outl_factor: 5

## RESULTS: Station 23104M001A01, Coordinate "N [mm]" -----------------------------------
# Polynomial Coefficients
-1.616
0.505

# Oscillation Amplitude Components (S; C; A; phase shift)
-0.126; 0.059; 0.139; -1.135
-0.513; 0.558; 0.758; -0.743

# Heaviside Jump Coefficients
0.793
1.596
-10.554
-129.345
0.131
-11.701
-4.659
-9.592

# Transient Relaxation Times Tau (days)
49.982
100.255
1.991
4999.207

# Transient Amplitudes
-5.494
2.021
-15.702
-291.401

# Outliers (number of measurements removed)
12

# Error metrics
rms     : 2.380
wrms    : 2.380
rms35d  : 2.271
rms105d : 2.154
rms1y   : 2.018
rms2y   : 2.048

## INPUT MODEL: Station 23104M001A01, Coordinate "U [mm]" ================================
# Degree of Polynomial
1

# Oscillations [days; years]
182.6; 0.50
365.3; 1.00

# Heaviside Jumps (Rel. to t0 [years];  Datetime])
1999-08-21 23:49; 0.9733
2001-05-06 23:31; 2.6817
2004-12-25 22:51; 6.3203
2005-03-28 22:48; 6.5749
2010-03-17 21:55; 11.5441
2010-04-07 21:54; 11.6016
2010-05-04 21:53; 11.6756
2011-10-27 21:37; 13.1567

# Transients (rel. to t0 [years]; Datetime; Type of Transient)
2004-12-25 22:51; 6.3203; log  
2004-12-25 22:51; 6.3203; log  
2005-03-28 22:48; 6.5749; log  
2005-03-28 22:48; 6.5749; log  

# Transient Range (Lower Limit [days;years] ; Upper Limit [days;years])
1.0; 0.0027; 50.0; 0.13689
100.0; 0.2738; 4999.9; 13.68925
1.0; 0.0027; 50.0; 0.13689
100.0; 0.2738; 4999.9; 13.68925

# IRLSE/LSE Parameters
KK: 0
L_p Norm: 1.0
outl_factor: 5

## RESULTS: Station 23104M001A01, Coordinate "U [mm]" -----------------------------------
# Polynomial Coefficients
26.519
-14.827

# Oscillation Amplitude Components (S; C; A; phase shift)
0.885; 0.596; 1.067; 0.978
-3.171; -2.406; 3.980; 0.922

# Heaviside Jump Coefficients
-0.981
14.955
-5.963
-72.454
-8.924
1.876
-1.927
-39.167

# Transient Relaxation Times Tau (days)
49.998
100.000
37.087
4999.786

# Transient Amplitudes
101.740
-135.728
-46.403
-519.009

# Outliers (number of measurements removed)
20

# Error metrics
rms     : 8.638
wrms    : 8.638
rms35d  : 6.971
rms105d : 7.066
rms1y   : 7.131
rms2y   : 7.061

