## Header ================================================================================
# Station Name
23104M001A01

# Time Series (Start;End)
1998-08-31 12:00:00; 2011-11-16 12:00:00

# Number of Measurements
3418

# LS Estimation Method (1 := E,N,U separately; 2 := E,N combined, U sep.; 3 := E,N,U comb.)
1

# Target Function for Optimization
rms

# new ITRF jump
false; false; false

# Transient Settings
doTsOverlay: false
doRemoveTs: false

# Weighting t/f (per Coordinate)
false; false; false

# Weighting Settings (global)
weight decay:       1.0
weight(default):    1.0
weight(eq):         0.0
t_weight(eq)):      0.0
t_weight(default)): 2.0

## INPUT MODEL: Station 23104M001A01, Coordinate "E [mm]" ================================
# Degree of Polynomial
1

# Oscillations [days; years]
182.6; 0.50
365.3; 1.00

# Heaviside Jumps (Rel. to t0 [years];  Datetime])
1999-08-21 23:49; 0.9733
2001-05-06 23:31; 2.6817
2004-12-25 22:51; 6.3203
2005-03-28 22:48; 6.5749
2010-03-17 21:55; 11.5441
2010-04-07 21:54; 11.6016
2010-05-04 21:53; 11.6756
2011-10-27 21:37; 13.1567

# Transients (rel. to t0 [years]; Datetime; Type of Transient)
2004-12-25 22:51; 6.3203; log  
2004-12-25 22:51; 6.3203; log  
2005-03-28 22:48; 6.5749; log  
2005-03-28 22:48; 6.5749; log  

# Transient Range (Lower Limit [days;years] ; Upper Limit [days;years])
1.0; 0.0027; 41.0; 0.11225
100.0; 0.2738; 350.0; 0.95827
1.0; 0.0027; 41.0; 0.11225
100.0; 0.2738; 350.0; 0.95827

# IRLSE/LSE Parameters
KK: 0
L_p Norm: 1.0
outl_factor: 5

## RESULTS: Station 23104M001A01, Coordinate "E [mm]" -----------------------------------
# Polynomial Coefficients
-43.902
30.291

# Oscillation Amplitude Components (S; C; A; phase shift)
0.074; -0.148; 0.165; -0.464
-0.939; -0.280; 0.980; 1.281

# Heaviside Jump Coefficients
3.724
4.342
-141.700
-148.061
-0.917
-13.342
-5.401
-14.446

# Transient Relaxation Times Tau (days)
1.000
350.000
1.000
350.000

# Transient Amplitudes
-1.395
-96.111
-8.480
-79.361

# Outliers (number of measurements removed)
24

# Error metrics
rms     : 2.928
wrms    : 2.928
rms35d  : 3.796
rms105d : 3.013
rms1y   : 2.928
rms2y   : 2.804

## INPUT MODEL: Station 23104M001A01, Coordinate "N [mm]" ================================
# Degree of Polynomial
1

# Oscillations [days; years]
182.6; 0.50
365.3; 1.00

# Heaviside Jumps (Rel. to t0 [years];  Datetime])
1999-08-21 23:49; 0.9733
2001-05-06 23:31; 2.6817
2004-12-25 22:51; 6.3203
2005-03-28 22:48; 6.5749
2010-03-17 21:55; 11.5441
2010-04-07 21:54; 11.6016
2010-05-04 21:53; 11.6756
2011-10-27 21:37; 13.1567

# Transients (rel. to t0 [years]; Datetime; Type of Transient)
2004-12-25 22:51; 6.3203; log  
2004-12-25 22:51; 6.3203; log  
2005-03-28 22:48; 6.5749; log  
2005-03-28 22:48; 6.5749; log  

# Transient Range (Lower Limit [days;years] ; Upper Limit [days;years])
1.0; 0.0027; 41.0; 0.11225
100.0; 0.2738; 350.0; 0.95827
1.0; 0.0027; 41.0; 0.11225
100.0; 0.2738; 350.0; 0.95827

# IRLSE/LSE Parameters
KK: 0
L_p Norm: 1.0
outl_factor: 5

## RESULTS: Station 23104M001A01, Coordinate "N [mm]" -----------------------------------
# Polynomial Coefficients
-1.397
0.114

# Oscillation Amplitude Components (S; C; A; phase shift)
-0.131; 0.172; 0.216; -0.651
-0.557; 0.392; 0.681; -0.957

# Heaviside Jump Coefficients
1.386
2.746
-39.820
-379.897
-3.061
-11.933
-5.114
-14.470

# Transient Relaxation Times Tau (days)
41.000
350.000
41.000
350.000

# Transient Amplitudes
211.945
-1012.876
-86.173
-231.624

# Outliers (number of measurements removed)
32

# Error metrics
rms     : 2.618
wrms    : 2.618
rms35d  : 5.064
rms105d : 4.253
rms1y   : 3.196
rms2y   : 2.751

## INPUT MODEL: Station 23104M001A01, Coordinate "U [mm]" ================================
# Degree of Polynomial
1

# Oscillations [days; years]
182.6; 0.50
365.3; 1.00

# Heaviside Jumps (Rel. to t0 [years];  Datetime])
1999-08-21 23:49; 0.9733
2001-05-06 23:31; 2.6817
2004-12-25 22:51; 6.3203
2005-03-28 22:48; 6.5749
2010-03-17 21:55; 11.5441
2010-04-07 21:54; 11.6016
2010-05-04 21:53; 11.6756
2011-10-27 21:37; 13.1567

# Transients (rel. to t0 [years]; Datetime; Type of Transient)
2004-12-25 22:51; 6.3203; log  
2004-12-25 22:51; 6.3203; log  
2005-03-28 22:48; 6.5749; log  
2005-03-28 22:48; 6.5749; log  

# Transient Range (Lower Limit [days;years] ; Upper Limit [days;years])
1.0; 0.0027; 41.0; 0.11225
100.0; 0.2738; 350.0; 0.95827
1.0; 0.0027; 41.0; 0.11225
100.0; 0.2738; 350.0; 0.95827

# IRLSE/LSE Parameters
KK: 0
L_p Norm: 1.0
outl_factor: 5

## RESULTS: Station 23104M001A01, Coordinate "U [mm]" -----------------------------------
# Polynomial Coefficients
27.064
-15.834

# Oscillation Amplitude Components (S; C; A; phase shift)
0.738; 0.885; 1.153; 0.695
-3.249; -2.838; 4.314; 0.853

# Heaviside Jump Coefficients
0.363
18.153
-34.641
-269.901
-15.797
1.268
-2.798
-48.974

# Transient Relaxation Times Tau (days)
41.000
350.000
41.000
350.000

# Transient Amplitudes
276.348
-1239.032
-73.346
-284.083

# Outliers (number of measurements removed)
17

# Error metrics
rms     : 9.035
wrms    : 9.035
rms35d  : 11.113
rms105d : 9.846
rms1y   : 8.662
rms2y   : 8.082

