## Header ================================================================================
# Station Name
23114M001A01

# Time Series (Start;End)
2002-08-19 12:00:00; 2014-05-11 12:00:00

# Number of Measurements
1143

# LS Estimation Method (1 := E,N,U separately; 2 := E,N combined, U sep.; 3 := E,N,U comb.)
1

# Target Function for Optimization
rms

# new ITRF jump
false; false; false

# Transient Settings
doTsOverlay: false
doRemoveTs: false

# Weighting t/f (per Coordinate)
false; false; false

# Weighting Settings (global)
weight decay:       1.0
weight(default):    1.0
weight(eq):         0.0
t_weight(eq)):      0.0
t_weight(default)): 2.0

## INPUT MODEL: Station 23114M001A01, Coordinate "E [mm]" ================================
# Degree of Polynomial
1

# Oscillations [days; years]
182.6; 0.50
365.3; 1.00

# Heaviside Jumps (Rel. to t0 [years];  Datetime])
2004-12-25 23:34; 2.3532
2005-03-28 23:31; 2.6078
2009-09-29 22:43; 7.1143
2014-02-13 21:55; 11.4894

# Transients (rel. to t0 [years]; Datetime; Type of Transient)
2004-12-25 23:34; 2.3532; log  
2004-12-25 23:34; 2.3532; log  
2005-03-28 23:31; 2.6078; log  
2005-03-28 23:31; 2.6078; log  

# Transient Range (Lower Limit [days;years] ; Upper Limit [days;years])
0.0; 0.0000; 50.0; 0.13689
51.0; 0.1396; 4999.9; 13.68925
0.0; 0.0000; 50.0; 0.13689
51.0; 0.1396; 4999.9; 13.68925

# IRLSE/LSE Parameters
KK: 0
L_p Norm: 2.0
outl_factor: 5

## RESULTS: Station 23114M001A01, Coordinate "E [mm]" -----------------------------------
# Polynomial Coefficients
1.421
29.983

# Oscillation Amplitude Components (S; C; A; phase shift)
0.272; -0.142; 0.307; -1.090
-0.734; 0.083; 0.739; -1.458

# Heaviside Jump Coefficients
-4.600
-92.427
9.895
5.683

# Transient Relaxation Times Tau (days)
0.010
120.545
3.288
336.142

# Transient Amplitudes
1.786
-8.272
-10.741
-54.571

# Outliers (number of measurements removed)
11

# Error metrics
rms     : 2.189
wrms    : 2.189
rms35d  : 2.569
rms105d : 2.160
rms1y   : 2.257
rms2y   : 2.242

## INPUT MODEL: Station 23114M001A01, Coordinate "N [mm]" ================================
# Degree of Polynomial
1

# Oscillations [days; years]
182.6; 0.50
365.3; 1.00

# Heaviside Jumps (Rel. to t0 [years];  Datetime])
2004-12-25 23:34; 2.3532
2005-03-28 23:31; 2.6078
2009-09-29 22:43; 7.1143
2014-02-13 21:55; 11.4894

# Transients (rel. to t0 [years]; Datetime; Type of Transient)
2004-12-25 23:34; 2.3532; log  
2004-12-25 23:34; 2.3532; log  
2005-03-28 23:31; 2.6078; log  
2005-03-28 23:31; 2.6078; log  

# Transient Range (Lower Limit [days;years] ; Upper Limit [days;years])
0.0; 0.0000; 50.0; 0.13689
51.0; 0.1396; 4999.9; 13.68925
0.0; 0.0000; 50.0; 0.13689
51.0; 0.1396; 4999.9; 13.68925

# IRLSE/LSE Parameters
KK: 0
L_p Norm: 2.0
outl_factor: 5

## RESULTS: Station 23114M001A01, Coordinate "N [mm]" -----------------------------------
# Polynomial Coefficients
2.852
27.169

# Oscillation Amplitude Components (S; C; A; phase shift)
-0.526; -0.285; 0.598; 1.075
-0.659; 0.848; 1.074; -0.661

# Heaviside Jump Coefficients
-425.421
-898.282
41.300
-3.554

# Transient Relaxation Times Tau (days)
0.010
50.999
2.810
136.177

# Transient Amplitudes
58.211
-116.296
-53.172
-116.012

# Outliers (number of measurements removed)
4

# Error metrics
rms     : 2.263
wrms    : 2.263
rms35d  : 1.641
rms105d : 1.900
rms1y   : 2.035
rms2y   : 2.266

## INPUT MODEL: Station 23114M001A01, Coordinate "U [mm]" ================================
# Degree of Polynomial
1

# Oscillations [days; years]
182.6; 0.50
365.3; 1.00

# Heaviside Jumps (Rel. to t0 [years];  Datetime])
2004-12-25 23:34; 2.3532
2005-03-28 23:31; 2.6078
2009-09-29 22:43; 7.1143
2014-02-13 21:55; 11.4894

# Transients (rel. to t0 [years]; Datetime; Type of Transient)
2004-12-25 23:34; 2.3532; log  
2004-12-25 23:34; 2.3532; log  
2005-03-28 23:31; 2.6078; log  
2005-03-28 23:31; 2.6078; log  

# Transient Range (Lower Limit [days;years] ; Upper Limit [days;years])
0.0; 0.0000; 50.0; 0.13689
51.0; 0.1396; 4999.9; 13.68925
0.0; 0.0000; 50.0; 0.13689
51.0; 0.1396; 4999.9; 13.68925

# IRLSE/LSE Parameters
KK: 0
L_p Norm: 2.0
outl_factor: 5

## RESULTS: Station 23114M001A01, Coordinate "U [mm]" -----------------------------------
# Polynomial Coefficients
11.507
-1.989

# Oscillation Amplitude Components (S; C; A; phase shift)
-0.355; 0.813; 0.887; -0.412
-2.364; -2.306; 3.303; 0.798

# Heaviside Jump Coefficients
-6.323
215.905
8.802
9.652

# Transient Relaxation Times Tau (days)
49.999
50.999
0.691
4999.897

# Transient Amplitudes
28.991
-33.679
20.930
-168.104

# Outliers (number of measurements removed)
4

# Error metrics
rms     : 6.814
wrms    : 6.814
rms35d  : 6.574
rms105d : 6.181
rms1y   : 6.655
rms2y   : 6.653

