## Header ================================================================================
# Station Name
23114M001A01

# Time Series (Start;End)
2002-08-19 12:00:00; 2014-05-11 12:00:00

# Number of Measurements
1143

# LS Estimation Method (1 := E,N,U separately; 2 := E,N combined, U sep.; 3 := E,N,U comb.)
1

# Target Function for Optimization
rms

# new ITRF jump
false; false; false

# Transient Settings
doTsOverlay: false
doRemoveTs: false

# Weighting t/f (per Coordinate)
false; false; false

# Weighting Settings (global)
weight decay:       1.0
weight(default):    1.0
weight(eq):         0.0
t_weight(eq)):      0.0
t_weight(default)): 2.0

## INPUT MODEL: Station 23114M001A01, Coordinate "E [mm]" ================================
# Degree of Polynomial
1

# Oscillations [days; years]
182.6; 0.50
365.3; 1.00

# Heaviside Jumps (Rel. to t0 [years];  Datetime])
2004-12-25 23:34; 2.3532
2005-03-28 23:31; 2.6078
2009-09-29 22:43; 7.1143
2014-02-13 21:55; 11.4894

# Transients (rel. to t0 [years]; Datetime; Type of Transient)
2004-12-25 23:34; 2.3532; log  
2004-12-25 23:34; 2.3532; log  
2005-03-28 23:31; 2.6078; log  
2005-03-28 23:31; 2.6078; log  

# Transient Range (Lower Limit [days;years] ; Upper Limit [days;years])
1.0; 0.0027; 41.0; 0.11225
51.0; 0.1396; 726.0; 1.98772
1.0; 0.0027; 41.0; 0.11225
51.0; 0.1396; 726.0; 1.98772

# IRLSE/LSE Parameters
KK: 0
L_p Norm: 2.0
outl_factor: 5

## RESULTS: Station 23114M001A01, Coordinate "E [mm]" -----------------------------------
# Polynomial Coefficients
1.423
29.975

# Oscillation Amplitude Components (S; C; A; phase shift)
0.273; -0.124; 0.300; -1.145
-0.743; 0.083; 0.748; -1.460

# Heaviside Jump Coefficients
37.643
-70.571
10.022
5.661

# Transient Relaxation Times Tau (days)
1.000
401.000
1.000
401.000

# Transient Amplitudes
-9.694
67.137
-7.827
-46.501

# Outliers (number of measurements removed)
11

# Error metrics
rms     : 2.192
wrms    : 2.192
rms35d  : 2.687
rms105d : 2.192
rms1y   : 2.272
rms2y   : 2.249

## INPUT MODEL: Station 23114M001A01, Coordinate "N [mm]" ================================
# Degree of Polynomial
1

# Oscillations [days; years]
182.6; 0.50
365.3; 1.00

# Heaviside Jumps (Rel. to t0 [years];  Datetime])
2004-12-25 23:34; 2.3532
2005-03-28 23:31; 2.6078
2009-09-29 22:43; 7.1143
2014-02-13 21:55; 11.4894

# Transients (rel. to t0 [years]; Datetime; Type of Transient)
2004-12-25 23:34; 2.3532; log  
2004-12-25 23:34; 2.3532; log  
2005-03-28 23:31; 2.6078; log  
2005-03-28 23:31; 2.6078; log  

# Transient Range (Lower Limit [days;years] ; Upper Limit [days;years])
1.0; 0.0027; 41.0; 0.11225
51.0; 0.1396; 726.0; 1.98772
1.0; 0.0027; 41.0; 0.11225
51.0; 0.1396; 726.0; 1.98772

# IRLSE/LSE Parameters
KK: 0
L_p Norm: 2.0
outl_factor: 5

## RESULTS: Station 23114M001A01, Coordinate "N [mm]" -----------------------------------
# Polynomial Coefficients
3.257
26.567

# Oscillation Amplitude Components (S; C; A; phase shift)
-0.479; -0.186; 0.514; 1.201
-0.753; 0.867; 1.148; -0.716

# Heaviside Jump Coefficients
-153.553
-860.988
40.770
-3.617

# Transient Relaxation Times Tau (days)
1.000
101.000
1.000
101.000

# Transient Amplitudes
52.441
-150.667
-39.486
-118.751

# Outliers (number of measurements removed)
5

# Error metrics
rms     : 2.291
wrms    : 2.291
rms35d  : 2.863
rms105d : 2.307
rms1y   : 2.225
rms2y   : 2.392

## INPUT MODEL: Station 23114M001A01, Coordinate "U [mm]" ================================
# Degree of Polynomial
1

# Oscillations [days; years]
182.6; 0.50
365.3; 1.00

# Heaviside Jumps (Rel. to t0 [years];  Datetime])
2004-12-25 23:34; 2.3532
2005-03-28 23:31; 2.6078
2009-09-29 22:43; 7.1143
2014-02-13 21:55; 11.4894

# Transients (rel. to t0 [years]; Datetime; Type of Transient)
2004-12-25 23:34; 2.3532; log  
2004-12-25 23:34; 2.3532; log  
2005-03-28 23:31; 2.6078; log  
2005-03-28 23:31; 2.6078; log  

# Transient Range (Lower Limit [days;years] ; Upper Limit [days;years])
1.0; 0.0027; 41.0; 0.11225
51.0; 0.1396; 726.0; 1.98772
1.0; 0.0027; 41.0; 0.11225
51.0; 0.1396; 726.0; 1.98772

# IRLSE/LSE Parameters
KK: 0
L_p Norm: 2.0
outl_factor: 5

## RESULTS: Station 23114M001A01, Coordinate "U [mm]" -----------------------------------
# Polynomial Coefficients
11.694
-2.335

# Oscillation Amplitude Components (S; C; A; phase shift)
-0.410; 0.971; 1.054; -0.400
-2.413; -2.306; 3.337; 0.808

# Heaviside Jump Coefficients
-96.706
207.072
-5.754
8.762

# Transient Relaxation Times Tau (days)
1.000
726.000
1.000
726.000

# Transient Amplitudes
29.856
-424.112
20.828
-45.692

# Outliers (number of measurements removed)
5

# Error metrics
rms     : 6.809
wrms    : 6.809
rms35d  : 6.297
rms105d : 6.137
rms1y   : 6.738
rms2y   : 6.628

