## Header ================================================================================
# Station Name
41705M003A04

# Time Series (Start;End)
2010-02-27 12:00:00; 2015-02-14 12:00:00

# Number of Measurements
1151

# LS Estimation Method (1 := E,N,U separately; 2 := E,N combined, U sep.; 3 := E,N,U comb.)
1

# Target Function for Optimization
rms

# new ITRF jump
false; false; false

# Transient Settings
doTsOverlay: false
doRemoveTs: false

# Weighting t/f (per Coordinate)
false; false; false

# Weighting Settings (global)
weight decay:       1.0
weight(default):    1.0
weight(eq):         0.0
t_weight(eq)):      0.0
t_weight(default)): 2.0

## INPUT MODEL: Station 41705M003A04, Coordinate "E [mm]" ================================
# Degree of Polynomial
1

# Oscillations [days; years]
182.6; 0.50
365.3; 1.00

# Heaviside Jumps (Rel. to t0 [years];  Datetime])
2010-02-27 00:00; -0.0014

# Transients (rel. to t0 [years]; Datetime; Type of Transient)
2010-02-27 00:00; -0.0014; log  
2010-02-27 00:00; -0.0014; log  

# Transient Range (Lower Limit [days;years] ; Upper Limit [days;years])
1.0; 0.0027; 50.0; 0.13689
100.0; 0.2738; 4999.9; 13.68925

# IRLSE/LSE Parameters
KK: 0
L_p Norm: 1.0
outl_factor: 5

## RESULTS: Station 41705M003A04, Coordinate "E [mm]" -----------------------------------
# Polynomial Coefficients
-1.314
59.280

# Oscillation Amplitude Components (S; C; A; phase shift)
0.526; 0.614; 0.809; 0.708
0.719; 0.299; 0.779; 1.177

# Heaviside Jump Coefficients
-1.314

# Transient Relaxation Times Tau (days)
1.000
4260.677

# Transient Amplitudes
-5.436
-716.696

# Outliers (number of measurements removed)
5

# Error metrics
rms     : 1.968
wrms    : 1.968
rms35d  : 1.915
rms105d : 1.736
rms1y   : 1.862
rms2y   : 1.770

## INPUT MODEL: Station 41705M003A04, Coordinate "N [mm]" ================================
# Degree of Polynomial
1

# Oscillations [days; years]
182.6; 0.50
365.3; 1.00

# Heaviside Jumps (Rel. to t0 [years];  Datetime])
2010-02-27 00:00; -0.0014

# Transients (rel. to t0 [years]; Datetime; Type of Transient)
2010-02-27 00:00; -0.0014; log  
2010-02-27 00:00; -0.0014; log  

# Transient Range (Lower Limit [days;years] ; Upper Limit [days;years])
1.0; 0.0027; 50.0; 0.13689
100.0; 0.2738; 4999.9; 13.68925

# IRLSE/LSE Parameters
KK: 0
L_p Norm: 1.0
outl_factor: 5

## RESULTS: Station 41705M003A04, Coordinate "N [mm]" -----------------------------------
# Polynomial Coefficients
-1.718
-10.887

# Oscillation Amplitude Components (S; C; A; phase shift)
-0.447; -0.549; 0.708; 0.684
2.082; -0.366; 2.114; -1.397

# Heaviside Jump Coefficients
-1.718

# Transient Relaxation Times Tau (days)
49.999
4999.897

# Transient Amplitudes
-7.563
453.665

# Outliers (number of measurements removed)
0

# Error metrics
rms     : 1.411
wrms    : 1.411
rms35d  : 1.534
rms105d : 1.405
rms1y   : 1.364
rms2y   : 1.347

## INPUT MODEL: Station 41705M003A04, Coordinate "U [mm]" ================================
# Degree of Polynomial
1

# Oscillations [days; years]
182.6; 0.50
365.3; 1.00

# Heaviside Jumps (Rel. to t0 [years];  Datetime])
2010-02-27 00:00; -0.0014

# Transients (rel. to t0 [years]; Datetime; Type of Transient)
2010-02-27 00:00; -0.0014; log  
2010-02-27 00:00; -0.0014; log  

# Transient Range (Lower Limit [days;years] ; Upper Limit [days;years])
1.0; 0.0027; 50.0; 0.13689
100.0; 0.2738; 4999.9; 13.68925

# IRLSE/LSE Parameters
KK: 0
L_p Norm: 1.0
outl_factor: 5

## RESULTS: Station 41705M003A04, Coordinate "U [mm]" -----------------------------------
# Polynomial Coefficients
-0.242
20.751

# Oscillation Amplitude Components (S; C; A; phase shift)
-0.048; -1.085; 1.086; 0.044
0.035; 0.968; 0.968; 0.036

# Heaviside Jump Coefficients
-0.242

# Transient Relaxation Times Tau (days)
49.999
3514.055

# Transient Amplitudes
13.258
-254.722

# Outliers (number of measurements removed)
4

# Error metrics
rms     : 3.868
wrms    : 3.868
rms35d  : 3.590
rms105d : 3.587
rms1y   : 3.951
rms2y   : 3.710

