## Header ================================================================================
# Station Name
41705M003A04

# Time Series (Start;End)
2010-02-27 12:00:00; 2015-02-14 12:00:00

# Number of Measurements
1151

# LS Estimation Method (1 := E,N,U separately; 2 := E,N combined, U sep.; 3 := E,N,U comb.)
1

# Target Function for Optimization
rms

# new ITRF jump
false; false; false

# Transient Settings
doTsOverlay: false
doRemoveTs: false

# Weighting t/f (per Coordinate)
false; false; false

# Weighting Settings (global)
weight decay:       1.0
weight(default):    1.0
weight(eq):         0.0
t_weight(eq)):      0.0
t_weight(default)): 2.0

## INPUT MODEL: Station 41705M003A04, Coordinate "E [mm]" ================================
# Degree of Polynomial
1

# Oscillations [days; years]
182.6; 0.50
365.3; 1.00

# Heaviside Jumps (Rel. to t0 [years];  Datetime])
2010-02-27 00:00; -0.0014

# Transients (rel. to t0 [years]; Datetime; Type of Transient)
2010-02-27 00:00; -0.0014; log  
2010-02-27 00:00; -0.0014; log  

# Transient Range (Lower Limit [days;years] ; Upper Limit [days;years])
1.0; 0.0027; 41.0; 0.11225
100.0; 0.2738; 350.0; 0.95827

# IRLSE/LSE Parameters
KK: 0
L_p Norm: 1.0
outl_factor: 5

## RESULTS: Station 41705M003A04, Coordinate "E [mm]" -----------------------------------
# Polynomial Coefficients
-4.415
19.619

# Oscillation Amplitude Components (S; C; A; phase shift)
0.613; 0.491; 0.785; 0.895
0.805; 0.134; 0.816; 1.406

# Heaviside Jump Coefficients
-4.415

# Transient Relaxation Times Tau (days)
1.000
350.000

# Transient Amplitudes
-3.079
-38.598

# Outliers (number of measurements removed)
5

# Error metrics
rms     : 2.074
wrms    : 2.074
rms35d  : 2.458
rms105d : 2.058
rms1y   : 2.033
rms2y   : 1.857

## INPUT MODEL: Station 41705M003A04, Coordinate "N [mm]" ================================
# Degree of Polynomial
1

# Oscillations [days; years]
182.6; 0.50
365.3; 1.00

# Heaviside Jumps (Rel. to t0 [years];  Datetime])
2010-02-27 00:00; -0.0014

# Transients (rel. to t0 [years]; Datetime; Type of Transient)
2010-02-27 00:00; -0.0014; log  
2010-02-27 00:00; -0.0014; log  

# Transient Range (Lower Limit [days;years] ; Upper Limit [days;years])
1.0; 0.0027; 41.0; 0.11225
100.0; 0.2738; 350.0; 0.95827

# IRLSE/LSE Parameters
KK: 0
L_p Norm: 1.0
outl_factor: 5

## RESULTS: Station 41705M003A04, Coordinate "N [mm]" -----------------------------------
# Polynomial Coefficients
-1.069
11.135

# Oscillation Amplitude Components (S; C; A; phase shift)
-0.488; -0.544; 0.731; 0.732
2.008; -0.313; 2.032; -1.416

# Heaviside Jump Coefficients
-1.069

# Transient Relaxation Times Tau (days)
41.000
350.000

# Transient Amplitudes
-10.408
23.413

# Outliers (number of measurements removed)
1

# Error metrics
rms     : 1.433
wrms    : 1.433
rms35d  : 1.704
rms105d : 1.552
rms1y   : 1.408
rms2y   : 1.355

## INPUT MODEL: Station 41705M003A04, Coordinate "U [mm]" ================================
# Degree of Polynomial
1

# Oscillations [days; years]
182.6; 0.50
365.3; 1.00

# Heaviside Jumps (Rel. to t0 [years];  Datetime])
2010-02-27 00:00; -0.0014

# Transients (rel. to t0 [years]; Datetime; Type of Transient)
2010-02-27 00:00; -0.0014; log  
2010-02-27 00:00; -0.0014; log  

# Transient Range (Lower Limit [days;years] ; Upper Limit [days;years])
1.0; 0.0027; 41.0; 0.11225
100.0; 0.2738; 350.0; 0.95827

# IRLSE/LSE Parameters
KK: 0
L_p Norm: 1.0
outl_factor: 5

## RESULTS: Station 41705M003A04, Coordinate "U [mm]" -----------------------------------
# Polynomial Coefficients
-0.678
5.248

# Oscillation Amplitude Components (S; C; A; phase shift)
-0.029; -1.094; 1.095; 0.026
0.073; 0.910; 0.912; 0.081

# Heaviside Jump Coefficients
-0.678

# Transient Relaxation Times Tau (days)
41.000
350.000

# Transient Amplitudes
14.363
-19.527

# Outliers (number of measurements removed)
5

# Error metrics
rms     : 3.870
wrms    : 3.870
rms35d  : 3.659
rms105d : 3.643
rms1y   : 3.931
rms2y   : 3.710

