## Header ================================================================================
# Station Name
41719M004A02

# Time Series (Start;End)
2010-02-27 12:00:00; 2014-08-25 12:00:00

# Number of Measurements
1454

# LS Estimation Method (1 := E,N,U separately; 2 := E,N combined, U sep.; 3 := E,N,U comb.)
1

# Target Function for Optimization
rms

# new ITRF jump
false; false; false

# Transient Settings
doTsOverlay: false
doRemoveTs: false

# Weighting t/f (per Coordinate)
false; false; false

# Weighting Settings (global)
weight decay:       1.0
weight(default):    1.0
weight(eq):         0.0
t_weight(eq)):      0.0
t_weight(default)): 2.0

## INPUT MODEL: Station 41719M004A02, Coordinate "E [mm]" ================================
# Degree of Polynomial
1

# Oscillations [days; years]
182.6; 0.50
365.3; 1.00

# Heaviside Jumps (Rel. to t0 [years];  Datetime])
2010-02-27 00:00; -0.0014
2011-02-11 23:49; 0.9569

# Transients (rel. to t0 [years]; Datetime; Type of Transient)
2010-02-27 00:00; -0.0014; log  
2010-02-27 00:00; -0.0014; log  
2011-02-11 23:49; 0.9569; log  
2011-02-11 23:49; 0.9569; log  

# Transient Range (Lower Limit [days;years] ; Upper Limit [days;years])
1.0; 0.0027; 41.0; 0.11225
100.0; 0.2738; 350.0; 0.95827
1.0; 0.0027; 41.0; 0.11225
100.0; 0.2738; 350.0; 0.95827

# IRLSE/LSE Parameters
KK: 0
L_p Norm: 1.0
outl_factor: 5

## RESULTS: Station 41719M004A02, Coordinate "E [mm]" -----------------------------------
# Polynomial Coefficients
-11.767
28.827

# Oscillation Amplitude Components (S; C; A; phase shift)
0.422; -0.245; 0.488; -1.044
-1.102; 0.075; 1.104; -1.503

# Heaviside Jump Coefficients
-11.767
-52.243

# Transient Relaxation Times Tau (days)
1.000
350.000
1.000
350.000

# Transient Amplitudes
-44.133
-47.292
-1.698
-25.429

# Outliers (number of measurements removed)
7

# Error metrics
rms     : 1.777
wrms    : 1.777
rms35d  : 1.527
rms105d : 1.651
rms1y   : 1.535
rms2y   : 1.622

## INPUT MODEL: Station 41719M004A02, Coordinate "N [mm]" ================================
# Degree of Polynomial
1

# Oscillations [days; years]
182.6; 0.50
365.3; 1.00

# Heaviside Jumps (Rel. to t0 [years];  Datetime])
2010-02-27 00:00; -0.0014
2011-02-11 23:49; 0.9569

# Transients (rel. to t0 [years]; Datetime; Type of Transient)
2010-02-27 00:00; -0.0014; log  
2010-02-27 00:00; -0.0014; log  
2011-02-11 23:49; 0.9569; log  
2011-02-11 23:49; 0.9569; log  

# Transient Range (Lower Limit [days;years] ; Upper Limit [days;years])
1.0; 0.0027; 41.0; 0.11225
100.0; 0.2738; 350.0; 0.95827
1.0; 0.0027; 41.0; 0.11225
100.0; 0.2738; 350.0; 0.95827

# IRLSE/LSE Parameters
KK: 0
L_p Norm: 1.0
outl_factor: 5

## RESULTS: Station 41719M004A02, Coordinate "N [mm]" -----------------------------------
# Polynomial Coefficients
-2.589
21.362

# Oscillation Amplitude Components (S; C; A; phase shift)
-0.265; -0.849; 0.889; 0.302
2.788; -0.506; 2.834; -1.391

# Heaviside Jump Coefficients
-2.589
-17.360

# Transient Relaxation Times Tau (days)
1.000
100.000
1.000
100.000

# Transient Amplitudes
6.419
-18.575
1.670
-8.486

# Outliers (number of measurements removed)
2

# Error metrics
rms     : 1.433
wrms    : 1.433
rms35d  : 1.562
rms105d : 1.514
rms1y   : 1.472
rms2y   : 1.428

## INPUT MODEL: Station 41719M004A02, Coordinate "U [mm]" ================================
# Degree of Polynomial
1

# Oscillations [days; years]
182.6; 0.50
365.3; 1.00

# Heaviside Jumps (Rel. to t0 [years];  Datetime])
2010-02-27 00:00; -0.0014
2011-02-11 23:49; 0.9569

# Transients (rel. to t0 [years]; Datetime; Type of Transient)
2010-02-27 00:00; -0.0014; log  
2010-02-27 00:00; -0.0014; log  
2011-02-11 23:49; 0.9569; log  
2011-02-11 23:49; 0.9569; log  

# Transient Range (Lower Limit [days;years] ; Upper Limit [days;years])
1.0; 0.0027; 41.0; 0.11225
100.0; 0.2738; 350.0; 0.95827
1.0; 0.0027; 41.0; 0.11225
100.0; 0.2738; 350.0; 0.95827

# IRLSE/LSE Parameters
KK: 0
L_p Norm: 1.0
outl_factor: 5

## RESULTS: Station 41719M004A02, Coordinate "U [mm]" -----------------------------------
# Polynomial Coefficients
1.563
-2.989

# Oscillation Amplitude Components (S; C; A; phase shift)
-1.815; -0.543; 1.894; 1.280
4.798; 0.963; 4.894; 1.373

# Heaviside Jump Coefficients
1.563
-17.247

# Transient Relaxation Times Tau (days)
1.000
350.000
1.000
350.000

# Transient Amplitudes
2.991
-20.665
-0.560
-13.672

# Outliers (number of measurements removed)
4

# Error metrics
rms     : 3.691
wrms    : 3.691
rms35d  : 3.133
rms105d : 3.638
rms1y   : 3.690
rms2y   : 3.709

