## Header ================================================================================
# Station Name
41713S001A02

# Time Series (Start;End)
2010-02-27 12:00:00; 2015-02-12 12:00:00

# Number of Measurements
1758

# LS Estimation Method (1 := E,N,U separately; 2 := E,N combined, U sep.; 3 := E,N,U comb.)
1

# Target Function for Optimization
rms

# new ITRF jump
false; false; false

# Transient Settings
doTsOverlay: false
doRemoveTs: false

# Weighting t/f (per Coordinate)
false; false; false

# Weighting Settings (global)
weight decay:       1.0
weight(default):    1.0
weight(eq):         0.0
t_weight(eq)):      0.0
t_weight(default)): 2.0

## INPUT MODEL: Station 41713S001A02, Coordinate "E [mm]" ================================
# Degree of Polynomial
1

# Oscillations [days; years]
182.6; 0.50
365.3; 1.00

# Heaviside Jumps (Rel. to t0 [years];  Datetime])
2010-02-27 00:00; -0.0014

# Transients (rel. to t0 [years]; Datetime; Type of Transient)
2010-02-27 00:00; -0.0014; log  
2010-02-27 00:00; -0.0014; log  

# Transient Range (Lower Limit [days;years] ; Upper Limit [days;years])
1.0; 0.0027; 41.0; 0.11225
100.0; 0.2738; 350.0; 0.95827

# IRLSE/LSE Parameters
KK: 0
L_p Norm: 1.0
outl_factor: 5

## RESULTS: Station 41713S001A02, Coordinate "E [mm]" -----------------------------------
# Polynomial Coefficients
0.450
8.770

# Oscillation Amplitude Components (S; C; A; phase shift)
0.302; 0.100; 0.318; 1.252
-0.326; 0.009; 0.326; -1.543

# Heaviside Jump Coefficients
0.450

# Transient Relaxation Times Tau (days)
1.000
250.000

# Transient Amplitudes
-32.648
-133.285

# Outliers (number of measurements removed)
3

# Error metrics
rms     : 2.300
wrms    : 2.300
rms35d  : 2.027
rms105d : 1.937
rms1y   : 2.324
rms2y   : 2.193

## INPUT MODEL: Station 41713S001A02, Coordinate "N [mm]" ================================
# Degree of Polynomial
1

# Oscillations [days; years]
182.6; 0.50
365.3; 1.00

# Heaviside Jumps (Rel. to t0 [years];  Datetime])
2010-02-27 00:00; -0.0014

# Transients (rel. to t0 [years]; Datetime; Type of Transient)
2010-02-27 00:00; -0.0014; log  
2010-02-27 00:00; -0.0014; log  

# Transient Range (Lower Limit [days;years] ; Upper Limit [days;years])
1.0; 0.0027; 41.0; 0.11225
100.0; 0.2738; 350.0; 0.95827

# IRLSE/LSE Parameters
KK: 0
L_p Norm: 1.0
outl_factor: 5

## RESULTS: Station 41713S001A02, Coordinate "N [mm]" -----------------------------------
# Polynomial Coefficients
-2.849
13.625

# Oscillation Amplitude Components (S; C; A; phase shift)
-0.624; -0.640; 0.893; 0.773
1.862; 0.001; 1.862; 1.570

# Heaviside Jump Coefficients
-2.849

# Transient Relaxation Times Tau (days)
1.000
350.000

# Transient Amplitudes
8.736
21.799

# Outliers (number of measurements removed)
9

# Error metrics
rms     : 1.757
wrms    : 1.757
rms35d  : 1.943
rms105d : 1.667
rms1y   : 1.764
rms2y   : 1.675

## INPUT MODEL: Station 41713S001A02, Coordinate "U [mm]" ================================
# Degree of Polynomial
1

# Oscillations [days; years]
182.6; 0.50
365.3; 1.00

# Heaviside Jumps (Rel. to t0 [years];  Datetime])
2010-02-27 00:00; -0.0014

# Transients (rel. to t0 [years]; Datetime; Type of Transient)
2010-02-27 00:00; -0.0014; log  
2010-02-27 00:00; -0.0014; log  

# Transient Range (Lower Limit [days;years] ; Upper Limit [days;years])
1.0; 0.0027; 41.0; 0.11225
100.0; 0.2738; 350.0; 0.95827

# IRLSE/LSE Parameters
KK: 0
L_p Norm: 1.0
outl_factor: 5

## RESULTS: Station 41713S001A02, Coordinate "U [mm]" -----------------------------------
# Polynomial Coefficients
-3.780
3.324

# Oscillation Amplitude Components (S; C; A; phase shift)
-2.061; 0.122; 2.065; -1.512
6.060; 2.960; 6.744; 1.116

# Heaviside Jump Coefficients
-3.780

# Transient Relaxation Times Tau (days)
1.000
350.000

# Transient Amplitudes
4.190
62.728

# Outliers (number of measurements removed)
1

# Error metrics
rms     : 4.586
wrms    : 4.586
rms35d  : 4.910
rms105d : 4.288
rms1y   : 5.208
rms2y   : 4.743

