## Header ================================================================================
# Station Name
41719M004A02

# Time Series (Start;End)
2010-02-27 12:00:00; 2014-08-25 12:00:00

# Number of Measurements
1454

# LS Estimation Method (1 := E,N,U separately; 2 := E,N combined, U sep.; 3 := E,N,U comb.)
1

# Target Function for Optimization
rms

# new ITRF jump
false; false; false

# Transient Settings
doTsOverlay: false
doRemoveTs: false

# Weighting t/f (per Coordinate)
false; false; false

# Weighting Settings (global)
weight decay:       1.0
weight(default):    1.0
weight(eq):         0.0
t_weight(eq)):      0.0
t_weight(default)): 2.0

## INPUT MODEL: Station 41719M004A02, Coordinate "E [mm]" ================================
# Degree of Polynomial
1

# Oscillations [days; years]
182.6; 0.50
365.3; 1.00

# Heaviside Jumps (Rel. to t0 [years];  Datetime])
2010-02-27 00:00; -0.0014
2011-02-11 23:49; 0.9569

# Transients (rel. to t0 [years]; Datetime; Type of Transient)
2010-02-27 00:00; -0.0014; log  
2010-02-27 00:00; -0.0014; log  
2011-02-11 23:49; 0.9569; log  
2011-02-11 23:49; 0.9569; log  

# Transient Range (Lower Limit [days;years] ; Upper Limit [days;years])
1.0; 0.0027; 50.0; 0.13689
100.0; 0.2738; 4999.9; 13.68925
1.0; 0.0027; 50.0; 0.13689
100.0; 0.2738; 4999.9; 13.68925

# IRLSE/LSE Parameters
KK: 0
L_p Norm: 1.0
outl_factor: 5

## RESULTS: Station 41719M004A02, Coordinate "E [mm]" -----------------------------------
# Polynomial Coefficients
-9.150
26.118

# Oscillation Amplitude Components (S; C; A; phase shift)
0.411; -0.280; 0.497; -0.972
-1.025; 0.029; 1.026; -1.542

# Heaviside Jump Coefficients
-9.150
-46.704

# Transient Relaxation Times Tau (days)
1.000
4999.897
49.999
99.998

# Transient Amplitudes
-46.157
-358.695
0.975
-14.678

# Outliers (number of measurements removed)
9

# Error metrics
rms     : 1.756
wrms    : 1.756
rms35d  : 1.590
rms105d : 1.631
rms1y   : 1.532
rms2y   : 1.620

## INPUT MODEL: Station 41719M004A02, Coordinate "N [mm]" ================================
# Degree of Polynomial
1

# Oscillations [days; years]
182.6; 0.50
365.3; 1.00

# Heaviside Jumps (Rel. to t0 [years];  Datetime])
2010-02-27 00:00; -0.0014
2011-02-11 23:49; 0.9569

# Transients (rel. to t0 [years]; Datetime; Type of Transient)
2010-02-27 00:00; -0.0014; log  
2010-02-27 00:00; -0.0014; log  
2011-02-11 23:49; 0.9569; log  
2011-02-11 23:49; 0.9569; log  

# Transient Range (Lower Limit [days;years] ; Upper Limit [days;years])
1.0; 0.0027; 50.0; 0.13689
100.0; 0.2738; 4999.9; 13.68925
1.0; 0.0027; 50.0; 0.13689
100.0; 0.2738; 4999.9; 13.68925

# IRLSE/LSE Parameters
KK: 0
L_p Norm: 1.0
outl_factor: 5

## RESULTS: Station 41719M004A02, Coordinate "N [mm]" -----------------------------------
# Polynomial Coefficients
-2.339
21.796

# Oscillation Amplitude Components (S; C; A; phase shift)
-0.245; -0.843; 0.878; 0.283
2.816; -0.514; 2.863; -1.390

# Heaviside Jump Coefficients
-2.339
-17.074

# Transient Relaxation Times Tau (days)
1.294
99.998
13.645
99.998

# Transient Amplitudes
6.827
-19.616
3.905
-12.175

# Outliers (number of measurements removed)
2

# Error metrics
rms     : 1.431
wrms    : 1.431
rms35d  : 1.474
rms105d : 1.481
rms1y   : 1.461
rms2y   : 1.418

## INPUT MODEL: Station 41719M004A02, Coordinate "U [mm]" ================================
# Degree of Polynomial
1

# Oscillations [days; years]
182.6; 0.50
365.3; 1.00

# Heaviside Jumps (Rel. to t0 [years];  Datetime])
2010-02-27 00:00; -0.0014
2011-02-11 23:49; 0.9569

# Transients (rel. to t0 [years]; Datetime; Type of Transient)
2010-02-27 00:00; -0.0014; log  
2010-02-27 00:00; -0.0014; log  
2011-02-11 23:49; 0.9569; log  
2011-02-11 23:49; 0.9569; log  

# Transient Range (Lower Limit [days;years] ; Upper Limit [days;years])
1.0; 0.0027; 50.0; 0.13689
100.0; 0.2738; 4999.9; 13.68925
1.0; 0.0027; 50.0; 0.13689
100.0; 0.2738; 4999.9; 13.68925

# IRLSE/LSE Parameters
KK: 0
L_p Norm: 1.0
outl_factor: 5

## RESULTS: Station 41719M004A02, Coordinate "U [mm]" -----------------------------------
# Polynomial Coefficients
-0.851
3.425

# Oscillation Amplitude Components (S; C; A; phase shift)
-1.814; -0.539; 1.892; 1.282
4.679; 0.985; 4.782; 1.363

# Heaviside Jump Coefficients
-0.851
-32.750

# Transient Relaxation Times Tau (days)
1.026
99.998
6.332
1425.101

# Transient Amplitudes
5.446
-19.372
-1.390
-68.163

# Outliers (number of measurements removed)
4

# Error metrics
rms     : 3.686
wrms    : 3.686
rms35d  : 3.002
rms105d : 3.587
rms1y   : 3.686
rms2y   : 3.700

