## Header ================================================================================
# Station Name
41719M004A02

# Time Series (Start;End)
2010-02-27 12:00:00; 2014-08-25 12:00:00

# Number of Measurements
1454

# LS Estimation Method (1 := E,N,U separately; 2 := E,N combined, U sep.; 3 := E,N,U comb.)
1

# Target Function for Optimization
rms

# new ITRF jump
false; false; false

# Transient Settings
doTsOverlay: false
doRemoveTs: false

# Weighting t/f (per Coordinate)
false; false; false

# Weighting Settings (global)
weight decay:       1.0
weight(default):    1.0
weight(eq):         0.0
t_weight(eq)):      0.0
t_weight(default)): 2.0

## INPUT MODEL: Station 41719M004A02, Coordinate "E [mm]" ================================
# Degree of Polynomial
1

# Oscillations [days; years]
182.6; 0.50
365.3; 1.00

# Heaviside Jumps (Rel. to t0 [years];  Datetime])
2010-02-27 00:00; -0.0014
2011-02-11 23:49; 0.9569

# Transients (rel. to t0 [years]; Datetime; Type of Transient)
2010-02-27 00:00; -0.0014; log  
2010-02-27 00:00; -0.0014; log  
2011-02-11 23:49; 0.9569; log  
2011-02-11 23:49; 0.9569; log  

# Transient Range (Lower Limit [days;years] ; Upper Limit [days;years])
1.0; 0.0027; 50.0; 0.13689
100.0; 0.2738; 4999.9; 13.68925
1.0; 0.0027; 50.0; 0.13689
100.0; 0.2738; 4999.9; 13.68925

# IRLSE/LSE Parameters
KK: 0
L_p Norm: 1.0
outl_factor: 5

## RESULTS: Station 41719M004A02, Coordinate "E [mm]" -----------------------------------
# Polynomial Coefficients
-11.576
26.057

# Oscillation Amplitude Components (S; C; A; phase shift)
0.410; -0.279; 0.496; -0.972
-1.036; 0.030; 1.036; -1.542

# Heaviside Jump Coefficients
-11.576
-46.407

# Transient Relaxation Times Tau (days)
1.129
3727.726
17.420
100.326

# Transient Amplitudes
-46.317
-267.377
0.114
-13.527

# Outliers (number of measurements removed)
9

# Error metrics
rms     : 1.756
wrms    : 1.756
rms35d  : 1.601
rms105d : 1.633
rms1y   : 1.532
rms2y   : 1.621

## INPUT MODEL: Station 41719M004A02, Coordinate "N [mm]" ================================
# Degree of Polynomial
1

# Oscillations [days; years]
182.6; 0.50
365.3; 1.00

# Heaviside Jumps (Rel. to t0 [years];  Datetime])
2010-02-27 00:00; -0.0014
2011-02-11 23:49; 0.9569

# Transients (rel. to t0 [years]; Datetime; Type of Transient)
2010-02-27 00:00; -0.0014; log  
2010-02-27 00:00; -0.0014; log  
2011-02-11 23:49; 0.9569; log  
2011-02-11 23:49; 0.9569; log  

# Transient Range (Lower Limit [days;years] ; Upper Limit [days;years])
1.0; 0.0027; 50.0; 0.13689
100.0; 0.2738; 4999.9; 13.68925
1.0; 0.0027; 50.0; 0.13689
100.0; 0.2738; 4999.9; 13.68925

# IRLSE/LSE Parameters
KK: 0
L_p Norm: 1.0
outl_factor: 5

## RESULTS: Station 41719M004A02, Coordinate "N [mm]" -----------------------------------
# Polynomial Coefficients
-2.332
21.803

# Oscillation Amplitude Components (S; C; A; phase shift)
-0.245; -0.843; 0.878; 0.283
2.817; -0.514; 2.863; -1.390

# Heaviside Jump Coefficients
-2.332
-17.080

# Transient Relaxation Times Tau (days)
1.300
100.023
13.982
100.006

# Transient Amplitudes
6.833
-19.633
3.963
-12.257

# Outliers (number of measurements removed)
2

# Error metrics
rms     : 1.431
wrms    : 1.431
rms35d  : 1.473
rms105d : 1.481
rms1y   : 1.460
rms2y   : 1.418

## INPUT MODEL: Station 41719M004A02, Coordinate "U [mm]" ================================
# Degree of Polynomial
1

# Oscillations [days; years]
182.6; 0.50
365.3; 1.00

# Heaviside Jumps (Rel. to t0 [years];  Datetime])
2010-02-27 00:00; -0.0014
2011-02-11 23:49; 0.9569

# Transients (rel. to t0 [years]; Datetime; Type of Transient)
2010-02-27 00:00; -0.0014; log  
2010-02-27 00:00; -0.0014; log  
2011-02-11 23:49; 0.9569; log  
2011-02-11 23:49; 0.9569; log  

# Transient Range (Lower Limit [days;years] ; Upper Limit [days;years])
1.0; 0.0027; 50.0; 0.13689
100.0; 0.2738; 4999.9; 13.68925
1.0; 0.0027; 50.0; 0.13689
100.0; 0.2738; 4999.9; 13.68925

# IRLSE/LSE Parameters
KK: 0
L_p Norm: 1.0
outl_factor: 5

## RESULTS: Station 41719M004A02, Coordinate "U [mm]" -----------------------------------
# Polynomial Coefficients
1.017
25.942

# Oscillation Amplitude Components (S; C; A; phase shift)
-1.808; -0.529; 1.884; 1.286
4.770; 0.967; 4.867; 1.371

# Heaviside Jump Coefficients
1.017
-45.472

# Transient Relaxation Times Tau (days)
1.000
826.487
1.025
4997.629

# Transient Amplitudes
3.429
-122.305
-1.009
-527.193

# Outliers (number of measurements removed)
4

# Error metrics
rms     : 3.685
wrms    : 3.685
rms35d  : 3.115
rms105d : 3.632
rms1y   : 3.685
rms2y   : 3.708

